{"/home/travis/build/npmtest/node-npmtest-node-horseman/test.js":{"path":"/home/travis/build/npmtest/node-npmtest-node-horseman/test.js","s":{"1":2,"2":2,"3":2,"4":2,"5":2,"6":2,"7":2,"8":1,"9":2,"10":2,"11":1,"12":1,"13":1,"14":1,"15":2,"16":2,"17":2,"18":2,"19":1,"20":1,"21":2,"22":2,"23":2,"24":1,"25":1,"26":1,"27":1,"28":1,"29":1,"30":1,"31":1,"32":1,"33":1,"34":1,"35":1,"36":1,"37":1,"38":1,"39":2,"40":2,"41":1,"42":2,"43":2,"44":1,"45":2,"46":2,"47":1,"48":2,"49":2,"50":1,"51":1,"52":1,"53":1,"54":1},"b":{"1":[2,1,1,1],"2":[1,1,1,1],"3":[1,1],"4":[1,1],"5":[1,1],"6":[1,1],"7":[1,1],"8":[1,1],"9":[1,1],"10":[1,1,1],"11":[1,1],"12":[1,1],"13":[1,1],"14":[1,1],"15":[1,1],"16":[1,1],"17":[1,1]},"f":{"1":2,"2":2,"3":2,"4":2,"5":2,"6":1,"7":1,"8":1,"9":2,"10":2,"11":2,"12":2,"13":1},"fnMap":{"1":{"name":"(anonymous_1)","line":12,"loc":{"start":{"line":12,"column":1},"end":{"line":12,"column":13}}},"2":{"name":"(anonymous_2)","line":19,"loc":{"start":{"line":19,"column":5},"end":{"line":19,"column":17}}},"3":{"name":"(anonymous_3)","line":23,"loc":{"start":{"line":23,"column":24},"end":{"line":23,"column":36}}},"4":{"name":"(anonymous_4)","line":61,"loc":{"start":{"line":61,"column":5},"end":{"line":61,"column":17}}},"5":{"name":"(anonymous_5)","line":82,"loc":{"start":{"line":82,"column":5},"end":{"line":82,"column":17}}},"6":{"name":"(anonymous_6)","line":91,"loc":{"start":{"line":91,"column":77},"end":{"line":94,"column":10}}},"7":{"name":"(anonymous_7)","line":112,"loc":{"start":{"line":112,"column":83},"end":{"line":115,"column":10}},"skip":true},"8":{"name":"(anonymous_8)","line":123,"loc":{"start":{"line":123,"column":77},"end":{"line":126,"column":10}},"skip":true},"9":{"name":"(anonymous_9)","line":139,"loc":{"start":{"line":139,"column":12},"end":{"line":139,"column":40}},"skip":true},"10":{"name":"(anonymous_10)","line":147,"loc":{"start":{"line":147,"column":77},"end":{"line":150,"column":10}},"skip":true},"11":{"name":"(anonymous_11)","line":158,"loc":{"start":{"line":158,"column":83},"end":{"line":161,"column":10}},"skip":true},"12":{"name":"(anonymous_12)","line":169,"loc":{"start":{"line":169,"column":79},"end":{"line":172,"column":10}},"skip":true},"13":{"name":"(anonymous_13)","line":180,"loc":{"start":{"line":180,"column":75},"end":{"line":183,"column":10}},"skip":true}},"statementMap":{"1":{"start":{"line":12,"column":0},"end":{"line":195,"column":5}},"2":{"start":{"line":14,"column":4},"end":{"line":14,"column":14}},"3":{"start":{"line":19,"column":4},"end":{"line":56,"column":9}},"4":{"start":{"line":21,"column":8},"end":{"line":21,"column":19}},"5":{"start":{"line":23,"column":8},"end":{"line":35,"column":13}},"6":{"start":{"line":24,"column":12},"end":{"line":34,"column":13}},"7":{"start":{"line":25,"column":16},"end":{"line":28,"column":30}},"8":{"start":{"line":30,"column":16},"end":{"line":33,"column":27}},"9":{"start":{"line":37,"column":8},"end":{"line":39,"column":21}},"10":{"start":{"line":40,"column":8},"end":{"line":53,"column":9}},"11":{"start":{"line":43,"column":12},"end":{"line":46,"column":14}},"12":{"start":{"line":47,"column":12},"end":{"line":47,"column":18}},"13":{"start":{"line":50,"column":12},"end":{"line":51,"column":46}},"14":{"start":{"line":52,"column":12},"end":{"line":52,"column":18}},"15":{"start":{"line":55,"column":8},"end":{"line":55,"column":35}},"16":{"start":{"line":61,"column":4},"end":{"line":63,"column":9}},"17":{"start":{"line":62,"column":8},"end":{"line":62,"column":15}},"18":{"start":{"line":64,"column":4},"end":{"line":77,"column":5}},"19":{"start":{"line":70,"column":8},"end":{"line":70,"column":14}},"20":{"start":{"line":76,"column":8},"end":{"line":76,"column":14}},"21":{"start":{"line":82,"column":4},"end":{"line":84,"column":9}},"22":{"start":{"line":83,"column":8},"end":{"line":83,"column":15}},"23":{"start":{"line":85,"column":4},"end":{"line":194,"column":5}},"24":{"start":{"line":91,"column":8},"end":{"line":99,"column":10}},"25":{"start":{"line":98,"column":12},"end":{"line":98,"column":35}},"26":{"start":{"line":102,"column":8},"end":{"line":104,"column":63}},"27":{"start":{"line":105,"column":8},"end":{"line":105,"column":14}},"28":{"start":{"line":112,"column":8},"end":{"line":121,"column":10},"skip":true},"29":{"start":{"line":119,"column":12},"end":{"line":119,"column":55},"skip":true},"30":{"start":{"line":120,"column":12},"end":{"line":120,"column":48},"skip":true},"31":{"start":{"line":123,"column":8},"end":{"line":136,"column":10},"skip":true},"32":{"start":{"line":130,"column":12},"end":{"line":130,"column":76},"skip":true},"33":{"start":{"line":131,"column":12},"end":{"line":131,"column":73},"skip":true},"34":{"start":{"line":132,"column":12},"end":{"line":132,"column":74},"skip":true},"35":{"start":{"line":133,"column":12},"end":{"line":133,"column":79},"skip":true},"36":{"start":{"line":134,"column":12},"end":{"line":134,"column":25},"skip":true},"37":{"start":{"line":135,"column":12},"end":{"line":135,"column":45},"skip":true},"38":{"start":{"line":138,"column":8},"end":{"line":145,"column":14},"skip":true},"39":{"start":{"line":143,"column":16},"end":{"line":143,"column":29},"skip":true},"40":{"start":{"line":144,"column":16},"end":{"line":144,"column":55},"skip":true},"41":{"start":{"line":147,"column":8},"end":{"line":156,"column":10},"skip":true},"42":{"start":{"line":154,"column":12},"end":{"line":154,"column":25},"skip":true},"43":{"start":{"line":155,"column":12},"end":{"line":155,"column":45},"skip":true},"44":{"start":{"line":158,"column":8},"end":{"line":167,"column":10},"skip":true},"45":{"start":{"line":165,"column":12},"end":{"line":165,"column":25},"skip":true},"46":{"start":{"line":166,"column":12},"end":{"line":166,"column":48},"skip":true},"47":{"start":{"line":169,"column":8},"end":{"line":178,"column":10},"skip":true},"48":{"start":{"line":176,"column":12},"end":{"line":176,"column":25},"skip":true},"49":{"start":{"line":177,"column":12},"end":{"line":177,"column":46},"skip":true},"50":{"start":{"line":180,"column":8},"end":{"line":189,"column":10},"skip":true},"51":{"start":{"line":187,"column":12},"end":{"line":187,"column":94},"skip":true},"52":{"start":{"line":188,"column":12},"end":{"line":188,"column":48},"skip":true},"53":{"start":{"line":192,"column":8},"end":{"line":192,"column":35},"skip":true},"54":{"start":{"line":193,"column":8},"end":{"line":193,"column":14},"skip":true}},"branchMap":{"1":{"line":25,"type":"binary-expr","locations":[{"start":{"line":25,"column":23},"end":{"line":25,"column":62}},{"start":{"line":26,"column":20},"end":{"line":26,"column":70}},{"start":{"line":27,"column":20},"end":{"line":27,"column":71}},{"start":{"line":28,"column":20},"end":{"line":28,"column":29}}]},"2":{"line":30,"type":"binary-expr","locations":[{"start":{"line":30,"column":23},"end":{"line":30,"column":37}},{"start":{"line":31,"column":20},"end":{"line":31,"column":61}},{"start":{"line":32,"column":20},"end":{"line":32,"column":70}},{"start":{"line":33,"column":20},"end":{"line":33,"column":26}}]},"3":{"line":37,"type":"cond-expr","locations":[{"start":{"line":38,"column":14},"end":{"line":38,"column":20}},{"start":{"line":39,"column":14},"end":{"line":39,"column":20}}]},"4":{"line":40,"type":"switch","locations":[{"start":{"line":42,"column":8},"end":{"line":47,"column":18}},{"start":{"line":49,"column":8},"end":{"line":52,"column":18}}]},"5":{"line":44,"type":"binary-expr","locations":[{"start":{"line":44,"column":16},"end":{"line":44,"column":44}},{"start":{"line":44,"column":48},"end":{"line":44,"column":66}}]},"6":{"line":50,"type":"binary-expr","locations":[{"start":{"line":50,"column":21},"end":{"line":50,"column":49}},{"start":{"line":50,"column":53},"end":{"line":50,"column":72}}]},"7":{"line":64,"type":"switch","locations":[{"start":{"line":69,"column":4},"end":{"line":70,"column":14}},{"start":{"line":75,"column":4},"end":{"line":76,"column":14}}]},"8":{"line":85,"type":"switch","locations":[{"start":{"line":90,"column":4},"end":{"line":105,"column":14}},{"start":{"line":111,"column":4},"end":{"line":193,"column":14},"skip":true}]},"9":{"line":91,"type":"binary-expr","locations":[{"start":{"line":91,"column":42},"end":{"line":91,"column":73}},{"start":{"line":91,"column":77},"end":{"line":99,"column":9}}]},"10":{"line":102,"type":"binary-expr","locations":[{"start":{"line":102,"column":18},"end":{"line":102,"column":32}},{"start":{"line":103,"column":12},"end":{"line":103,"column":53}},{"start":{"line":104,"column":12},"end":{"line":104,"column":61}}]},"11":{"line":112,"type":"binary-expr","locations":[{"start":{"line":112,"column":45},"end":{"line":112,"column":79},"skip":true},{"start":{"line":112,"column":83},"end":{"line":121,"column":9},"skip":true}]},"12":{"line":123,"type":"binary-expr","locations":[{"start":{"line":123,"column":42},"end":{"line":123,"column":73},"skip":true},{"start":{"line":123,"column":77},"end":{"line":136,"column":9},"skip":true}]},"13":{"line":138,"type":"binary-expr","locations":[{"start":{"line":138,"column":48},"end":{"line":138,"column":85},"skip":true},{"start":{"line":139,"column":12},"end":{"line":145,"column":13},"skip":true}]},"14":{"line":147,"type":"binary-expr","locations":[{"start":{"line":147,"column":42},"end":{"line":147,"column":73},"skip":true},{"start":{"line":147,"column":77},"end":{"line":156,"column":9},"skip":true}]},"15":{"line":158,"type":"binary-expr","locations":[{"start":{"line":158,"column":45},"end":{"line":158,"column":79},"skip":true},{"start":{"line":158,"column":83},"end":{"line":167,"column":9},"skip":true}]},"16":{"line":169,"type":"binary-expr","locations":[{"start":{"line":169,"column":43},"end":{"line":169,"column":75},"skip":true},{"start":{"line":169,"column":79},"end":{"line":178,"column":9},"skip":true}]},"17":{"line":180,"type":"binary-expr","locations":[{"start":{"line":180,"column":41},"end":{"line":180,"column":71},"skip":true},{"start":{"line":180,"column":75},"end":{"line":189,"column":9},"skip":true}]}},"code":["/* istanbul instrument in package npmtest_node_horseman */","/*jslint","    bitwise: true,","    browser: true,","    maxerr: 8,","    maxlen: 96,","    node: true,","    nomen: true,","    regexp: true,","    stupid: true","*/","(function () {","    'use strict';","    var local;","","","","    // run shared js-env code - pre-init","    (function () {","        // init local","        local = {};","        // init modeJs","        local.modeJs = (function () {","            try {","                return typeof navigator.userAgent === 'string' &&","                    typeof document.querySelector('body') === 'object' &&","                    typeof XMLHttpRequest.prototype.open === 'function' &&","                    'browser';","            } catch (errorCaughtBrowser) {","                return module.exports &&","                    typeof process.versions.node === 'string' &&","                    typeof require('http').createServer === 'function' &&","                    'node';","            }","        }());","        // init global","        local.global = local.modeJs === 'browser'","            ? window","            : global;","        switch (local.modeJs) {","        // re-init local from window.local","        case 'browser':","            local = local.global.utility2.objectSetDefault(","                local.global.utility2_rollup || local.global.local,","                local.global.utility2","            );","            break;","        // re-init local from example.js","        case 'node':","            local = (local.global.utility2_rollup || require('utility2'))","                .requireExampleJsFromReadme();","            break;","        }","        // export local","        local.global.local = local;","    }());","","","","    // run shared js-env code - function","    (function () {","        return;","    }());","    switch (local.modeJs) {","","","","    // run browser js-env code - function","    case 'browser':","        break;","","","","    // run node js-env code - function","    case 'node':","        break;","    }","","","","    // run shared js-env code - post-init","    (function () {","        return;","    }());","    switch (local.modeJs) {","","","","    // run browser js-env code - post-init","    case 'browser':","        local.testCase_browser_nullCase = local.testCase_browser_nullCase || function (","            options,","            onError","        ) {","        /*","         * this function will test browsers's null-case handling-behavior-behavior","         */","            onError(null, options);","        };","","        // run tests","        local.nop(local.modeTest &&","            document.querySelector('#testRunButton1') &&","            document.querySelector('#testRunButton1').click());","        break;","","","","    // run node js-env code - post-init","    /* istanbul ignore next */","    case 'node':","        local.testCase_buildApidoc_default = local.testCase_buildApidoc_default || function (","            options,","            onError","        ) {","        /*","         * this function will test buildApidoc's default handling-behavior-behavior","         */","            options = { modulePathList: module.paths };","            local.buildApidoc(options, onError);","        };","","        local.testCase_buildApp_default = local.testCase_buildApp_default || function (","            options,","            onError","        ) {","        /*","         * this function will test buildApp's default handling-behavior-behavior","         */","            local.testCase_buildReadme_default(options, local.onErrorThrow);","            local.testCase_buildLib_default(options, local.onErrorThrow);","            local.testCase_buildTest_default(options, local.onErrorThrow);","            local.testCase_buildCustomOrg_default(options, local.onErrorThrow);","            options = [];","            local.buildApp(options, onError);","        };","","        local.testCase_buildCustomOrg_default = local.testCase_buildCustomOrg_default ||","            function (options, onError) {","            /*","             * this function will test buildCustomOrg's default handling-behavior","             */","                options = {};","                local.buildCustomOrg(options, onError);","            };","","        local.testCase_buildLib_default = local.testCase_buildLib_default || function (","            options,","            onError","        ) {","        /*","         * this function will test buildLib's default handling-behavior","         */","            options = {};","            local.buildLib(options, onError);","        };","","        local.testCase_buildReadme_default = local.testCase_buildReadme_default || function (","            options,","            onError","        ) {","        /*","         * this function will test buildReadme's default handling-behavior-behavior","         */","            options = {};","            local.buildReadme(options, onError);","        };","","        local.testCase_buildTest_default = local.testCase_buildTest_default || function (","            options,","            onError","        ) {","        /*","         * this function will test buildTest's default handling-behavior","         */","            options = {};","            local.buildTest(options, onError);","        };","","        local.testCase_webpage_default = local.testCase_webpage_default || function (","            options,","            onError","        ) {","        /*","         * this function will test webpage's default handling-behavior","         */","            options = { modeCoverageMerge: true, url: local.serverLocalHost + '?modeTest=1' };","            local.browserTest(options, onError);","        };","","        // run test-server","        local.testRunServer(local);","        break;","    }","}());",""],"l":{"12":2,"14":2,"19":2,"21":2,"23":2,"24":2,"25":2,"30":1,"37":2,"40":2,"43":1,"47":1,"50":1,"52":1,"55":2,"61":2,"62":2,"64":2,"70":1,"76":1,"82":2,"83":2,"85":2,"91":1,"98":1,"102":1,"105":1,"112":1,"119":1,"120":1,"123":1,"130":1,"131":1,"132":1,"133":1,"134":1,"135":1,"138":1,"143":2,"144":2,"147":1,"154":2,"155":2,"158":1,"165":2,"166":2,"169":1,"176":2,"177":2,"180":1,"187":1,"188":1,"192":1,"193":1}},"/home/travis/build/npmtest/node-npmtest-node-horseman/lib.npmtest_node_horseman.js":{"path":"/home/travis/build/npmtest/node-npmtest-node-horseman/lib.npmtest_node_horseman.js","s":{"1":2,"2":2,"3":2,"4":2,"5":2,"6":2,"7":2,"8":1,"9":2,"10":2,"11":2,"12":2,"13":1,"14":1,"15":1,"16":1},"b":{"1":[2,1,1,1],"2":[1,1,1,1],"3":[1,1],"4":[2,2],"5":[1,1]},"f":{"1":2,"2":2,"3":2},"fnMap":{"1":{"name":"(anonymous_1)","line":12,"loc":{"start":{"line":12,"column":1},"end":{"line":12,"column":13}}},"2":{"name":"(anonymous_2)","line":19,"loc":{"start":{"line":19,"column":5},"end":{"line":19,"column":17}}},"3":{"name":"(anonymous_3)","line":23,"loc":{"start":{"line":23,"column":24},"end":{"line":23,"column":36}}}},"statementMap":{"1":{"start":{"line":12,"column":0},"end":{"line":53,"column":5}},"2":{"start":{"line":14,"column":4},"end":{"line":14,"column":14}},"3":{"start":{"line":19,"column":4},"end":{"line":52,"column":9}},"4":{"start":{"line":21,"column":8},"end":{"line":21,"column":19}},"5":{"start":{"line":23,"column":8},"end":{"line":35,"column":13}},"6":{"start":{"line":24,"column":12},"end":{"line":34,"column":13}},"7":{"start":{"line":25,"column":16},"end":{"line":28,"column":30}},"8":{"start":{"line":30,"column":16},"end":{"line":33,"column":27}},"9":{"start":{"line":37,"column":8},"end":{"line":39,"column":21}},"10":{"start":{"line":41,"column":8},"end":{"line":41,"column":54}},"11":{"start":{"line":43,"column":8},"end":{"line":43,"column":58}},"12":{"start":{"line":45,"column":8},"end":{"line":51,"column":9}},"13":{"start":{"line":46,"column":12},"end":{"line":46,"column":64}},"14":{"start":{"line":48,"column":12},"end":{"line":48,"column":35}},"15":{"start":{"line":49,"column":12},"end":{"line":49,"column":49}},"16":{"start":{"line":50,"column":12},"end":{"line":50,"column":43}}},"branchMap":{"1":{"line":25,"type":"binary-expr","locations":[{"start":{"line":25,"column":23},"end":{"line":25,"column":62}},{"start":{"line":26,"column":20},"end":{"line":26,"column":70}},{"start":{"line":27,"column":20},"end":{"line":27,"column":71}},{"start":{"line":28,"column":20},"end":{"line":28,"column":29}}]},"2":{"line":30,"type":"binary-expr","locations":[{"start":{"line":30,"column":23},"end":{"line":30,"column":37}},{"start":{"line":31,"column":20},"end":{"line":31,"column":61}},{"start":{"line":32,"column":20},"end":{"line":32,"column":70}},{"start":{"line":33,"column":20},"end":{"line":33,"column":26}}]},"3":{"line":37,"type":"cond-expr","locations":[{"start":{"line":38,"column":14},"end":{"line":38,"column":20}},{"start":{"line":39,"column":14},"end":{"line":39,"column":20}}]},"4":{"line":41,"type":"binary-expr","locations":[{"start":{"line":41,"column":16},"end":{"line":41,"column":44}},{"start":{"line":41,"column":48},"end":{"line":41,"column":53}}]},"5":{"line":45,"type":"if","locations":[{"start":{"line":45,"column":8},"end":{"line":45,"column":8}},{"start":{"line":45,"column":8},"end":{"line":45,"column":8}}]}},"code":["/* istanbul instrument in package npmtest_node_horseman */","/*jslint","    bitwise: true,","    browser: true,","    maxerr: 8,","    maxlen: 96,","    node: true,","    nomen: true,","    regexp: true,","    stupid: true","*/","(function () {","    'use strict';","    var local;","","","","    // run shared js-env code - pre-init","    (function () {","        // init local","        local = {};","        // init modeJs","        local.modeJs = (function () {","            try {","                return typeof navigator.userAgent === 'string' &&","                    typeof document.querySelector('body') === 'object' &&","                    typeof XMLHttpRequest.prototype.open === 'function' &&","                    'browser';","            } catch (errorCaughtBrowser) {","                return module.exports &&","                    typeof process.versions.node === 'string' &&","                    typeof require('http').createServer === 'function' &&","                    'node';","            }","        }());","        // init global","        local.global = local.modeJs === 'browser'","            ? window","            : global;","        // init utility2_rollup","        local = local.global.utility2_rollup || local;","        // init lib","        local.local = local.npmtest_node_horseman = local;","        // init exports","        if (local.modeJs === 'browser') {","            local.global.utility2_npmtest_node_horseman = local;","        } else {","            module.exports = local;","            module.exports.__dirname = __dirname;","            module.exports.module = module;","        }","    }());","}());",""],"l":{"12":2,"14":2,"19":2,"21":2,"23":2,"24":2,"25":2,"30":1,"37":2,"41":2,"43":2,"45":2,"46":1,"48":1,"49":1,"50":1}},"/home/travis/build/npmtest/node-npmtest-node-horseman/example.js":{"path":"/home/travis/build/npmtest/node-npmtest-node-horseman/example.js","s":{"1":2,"2":2,"3":2,"4":2,"5":2,"6":2,"7":2,"8":1,"9":2,"10":2,"11":2,"12":2,"13":1,"14":2,"15":2,"16":2,"17":2,"18":2,"19":0,"20":2,"21":1,"22":1,"23":1,"24":1,"25":1,"26":0,"27":0,"28":1,"29":1,"30":2,"31":0,"32":0,"33":0,"34":1,"35":2,"36":2,"37":3,"38":3,"39":3,"40":3,"41":0,"42":3,"43":3,"44":3,"45":1,"46":3,"47":1,"48":1,"49":1,"50":1,"51":1,"52":1,"53":1,"54":1,"55":1,"56":1,"57":0,"58":1,"59":6,"60":6,"61":1,"62":2,"63":0,"64":2,"65":1,"66":1,"67":0,"68":0,"69":0,"70":0,"71":0,"72":0,"73":0,"74":0,"75":0,"76":0,"77":0,"78":0,"79":0,"80":0,"81":0,"82":0,"83":0},"b":{"1":[2,1,1,1],"2":[1,1,1,1],"3":[1,1],"4":[2,2],"5":[1,1],"6":[1,1],"7":[2,0],"8":[2,1,1,1,1,1],"9":[0,2,0],"10":[1,1],"11":[2,1,1],"12":[1,0],"13":[0,2],"14":[2,0,0,0,0,0,0],"15":[0,3],"16":[3,0],"17":[1,1],"18":[0,1],"19":[1,2,0,2],"20":[1,0],"21":[1,1],"22":[0,0],"23":[0,0],"24":[0,0],"25":[0,0],"26":[0,0],"27":[0,0],"28":[0,0]},"f":{"1":2,"2":2,"3":2,"4":2,"5":2,"6":2,"7":3,"8":3,"9":3,"10":1,"11":6,"12":0},"fnMap":{"1":{"name":"(anonymous_1)","line":26,"loc":{"start":{"line":26,"column":1},"end":{"line":26,"column":13}}},"2":{"name":"(anonymous_2)","line":33,"loc":{"start":{"line":33,"column":5},"end":{"line":33,"column":17}}},"3":{"name":"(anonymous_3)","line":37,"loc":{"start":{"line":37,"column":24},"end":{"line":37,"column":36}}},"4":{"name":"(anonymous_4)","line":69,"loc":{"start":{"line":69,"column":31},"end":{"line":69,"column":48}},"skip":true},"5":{"name":"(anonymous_5)","line":78,"loc":{"start":{"line":78,"column":26},"end":{"line":78,"column":45}},"skip":true},"6":{"name":"(anonymous_6)","line":123,"loc":{"start":{"line":123,"column":33},"end":{"line":123,"column":48}},"skip":true},"7":{"name":"(anonymous_7)","line":125,"loc":{"start":{"line":125,"column":27},"end":{"line":125,"column":39}},"skip":true},"8":{"name":"(anonymous_8)","line":133,"loc":{"start":{"line":133,"column":59},"end":{"line":133,"column":74}},"skip":true},"9":{"name":"(anonymous_9)","line":143,"loc":{"start":{"line":143,"column":45},"end":{"line":143,"column":62}},"skip":true},"10":{"name":"(anonymous_10)","line":144,"loc":{"start":{"line":144,"column":73},"end":{"line":144,"column":92}},"skip":true},"11":{"name":"(anonymous_11)","line":272,"loc":{"start":{"line":272,"column":51},"end":{"line":272,"column":77}},"skip":true},"12":{"name":"(anonymous_12)","line":315,"loc":{"start":{"line":315,"column":32},"end":{"line":315,"column":61}},"skip":true}},"statementMap":{"1":{"start":{"line":26,"column":0},"end":{"line":326,"column":5}},"2":{"start":{"line":28,"column":4},"end":{"line":28,"column":14}},"3":{"start":{"line":33,"column":4},"end":{"line":60,"column":9}},"4":{"start":{"line":35,"column":8},"end":{"line":35,"column":19}},"5":{"start":{"line":37,"column":8},"end":{"line":49,"column":13}},"6":{"start":{"line":38,"column":12},"end":{"line":48,"column":13}},"7":{"start":{"line":39,"column":16},"end":{"line":42,"column":30}},"8":{"start":{"line":44,"column":16},"end":{"line":47,"column":27}},"9":{"start":{"line":51,"column":8},"end":{"line":53,"column":21}},"10":{"start":{"line":55,"column":8},"end":{"line":57,"column":45}},"11":{"start":{"line":59,"column":8},"end":{"line":59,"column":35}},"12":{"start":{"line":61,"column":4},"end":{"line":325,"column":5}},"13":{"start":{"line":69,"column":8},"end":{"line":121,"column":10},"skip":true},"14":{"start":{"line":70,"column":12},"end":{"line":88,"column":13},"skip":true},"15":{"start":{"line":76,"column":16},"end":{"line":87,"column":19},"skip":true},"16":{"start":{"line":79,"column":20},"end":{"line":86,"column":21},"skip":true},"17":{"start":{"line":82,"column":24},"end":{"line":82,"column":43},"skip":true},"18":{"start":{"line":83,"column":24},"end":{"line":83,"column":30},"skip":true},"19":{"start":{"line":85,"column":24},"end":{"line":85,"column":49},"skip":true},"20":{"start":{"line":89,"column":12},"end":{"line":107,"column":13},"skip":true},"21":{"start":{"line":92,"column":16},"end":{"line":102,"column":17},"skip":true},"22":{"start":{"line":93,"column":20},"end":{"line":93,"column":86},"skip":true},"23":{"start":{"line":94,"column":20},"end":{"line":95,"column":45},"skip":true},"24":{"start":{"line":96,"column":20},"end":{"line":96,"column":42},"skip":true},"25":{"start":{"line":97,"column":20},"end":{"line":97,"column":48},"skip":true},"26":{"start":{"line":100,"column":20},"end":{"line":100,"column":85},"skip":true},"27":{"start":{"line":101,"column":20},"end":{"line":101,"column":96},"skip":true},"28":{"start":{"line":103,"column":16},"end":{"line":103,"column":22},"skip":true},"29":{"start":{"line":106,"column":16},"end":{"line":106,"column":22},"skip":true},"30":{"start":{"line":108,"column":12},"end":{"line":120,"column":13},"skip":true},"31":{"start":{"line":114,"column":16},"end":{"line":119,"column":17},"skip":true},"32":{"start":{"line":116,"column":20},"end":{"line":116,"column":78},"skip":true},"33":{"start":{"line":118,"column":20},"end":{"line":118,"column":47},"skip":true},"34":{"start":{"line":123,"column":8},"end":{"line":141,"column":11},"skip":true},"35":{"start":{"line":124,"column":12},"end":{"line":124,"column":54},"skip":true},"36":{"start":{"line":125,"column":12},"end":{"line":140,"column":14},"skip":true},"37":{"start":{"line":126,"column":16},"end":{"line":126,"column":28},"skip":true},"38":{"start":{"line":127,"column":16},"end":{"line":127,"column":69},"skip":true},"39":{"start":{"line":128,"column":16},"end":{"line":128,"column":75},"skip":true},"40":{"start":{"line":129,"column":16},"end":{"line":131,"column":17},"skip":true},"41":{"start":{"line":130,"column":20},"end":{"line":130,"column":27},"skip":true},"42":{"start":{"line":133,"column":16},"end":{"line":137,"column":36},"skip":true},"43":{"start":{"line":134,"column":20},"end":{"line":136,"column":55},"skip":true},"44":{"start":{"line":139,"column":16},"end":{"line":139,"column":57},"skip":true},"45":{"start":{"line":143,"column":8},"end":{"line":147,"column":11},"skip":true},"46":{"start":{"line":144,"column":12},"end":{"line":146,"column":15},"skip":true},"47":{"start":{"line":145,"column":16},"end":{"line":145,"column":70},"skip":true},"48":{"start":{"line":149,"column":8},"end":{"line":149,"column":31},"skip":true},"49":{"start":{"line":150,"column":8},"end":{"line":150,"column":14},"skip":true},"50":{"start":{"line":158,"column":8},"end":{"line":158,"column":31},"skip":true},"51":{"start":{"line":160,"column":8},"end":{"line":160,"column":33},"skip":true},"52":{"start":{"line":161,"column":8},"end":{"line":161,"column":37},"skip":true},"53":{"start":{"line":162,"column":8},"end":{"line":162,"column":35},"skip":true},"54":{"start":{"line":164,"column":8},"end":{"line":164,"column":50},"skip":true},"55":{"start":{"line":166,"column":8},"end":{"line":256,"column":2},"skip":true},"56":{"start":{"line":258,"column":8},"end":{"line":286,"column":9},"skip":true},"57":{"start":{"line":259,"column":12},"end":{"line":269,"column":14},"skip":true},"58":{"start":{"line":271,"column":12},"end":{"line":285,"column":19},"skip":true},"59":{"start":{"line":274,"column":20},"end":{"line":274,"column":35},"skip":true},"60":{"start":{"line":275,"column":20},"end":{"line":284,"column":21},"skip":true},"61":{"start":{"line":277,"column":24},"end":{"line":277,"column":64},"skip":true},"62":{"start":{"line":279,"column":24},"end":{"line":279,"column":40},"skip":true},"63":{"start":{"line":281,"column":24},"end":{"line":281,"column":40},"skip":true},"64":{"start":{"line":283,"column":24},"end":{"line":283,"column":39},"skip":true},"65":{"start":{"line":288,"column":8},"end":{"line":290,"column":9},"skip":true},"66":{"start":{"line":289,"column":12},"end":{"line":289,"column":18},"skip":true},"67":{"start":{"line":291,"column":8},"end":{"line":293,"column":54},"skip":true},"68":{"start":{"line":296,"column":8},"end":{"line":301,"column":37},"skip":true},"69":{"start":{"line":303,"column":8},"end":{"line":303,"column":82},"skip":true},"70":{"start":{"line":306,"column":8},"end":{"line":308,"column":9},"skip":true},"71":{"start":{"line":307,"column":12},"end":{"line":307,"column":82},"skip":true},"72":{"start":{"line":310,"column":8},"end":{"line":312,"column":9},"skip":true},"73":{"start":{"line":311,"column":12},"end":{"line":311,"column":18},"skip":true},"74":{"start":{"line":313,"column":8},"end":{"line":313,"column":54},"skip":true},"75":{"start":{"line":314,"column":8},"end":{"line":314,"column":69},"skip":true},"76":{"start":{"line":315,"column":8},"end":{"line":323,"column":36},"skip":true},"77":{"start":{"line":316,"column":12},"end":{"line":316,"column":61},"skip":true},"78":{"start":{"line":317,"column":12},"end":{"line":320,"column":13},"skip":true},"79":{"start":{"line":318,"column":16},"end":{"line":318,"column":75},"skip":true},"80":{"start":{"line":319,"column":16},"end":{"line":319,"column":23},"skip":true},"81":{"start":{"line":321,"column":12},"end":{"line":321,"column":38},"skip":true},"82":{"start":{"line":322,"column":12},"end":{"line":322,"column":27},"skip":true},"83":{"start":{"line":324,"column":8},"end":{"line":324,"column":14},"skip":true}},"branchMap":{"1":{"line":39,"type":"binary-expr","locations":[{"start":{"line":39,"column":23},"end":{"line":39,"column":62}},{"start":{"line":40,"column":20},"end":{"line":40,"column":70}},{"start":{"line":41,"column":20},"end":{"line":41,"column":71}},{"start":{"line":42,"column":20},"end":{"line":42,"column":29}}]},"2":{"line":44,"type":"binary-expr","locations":[{"start":{"line":44,"column":23},"end":{"line":44,"column":37}},{"start":{"line":45,"column":20},"end":{"line":45,"column":61}},{"start":{"line":46,"column":20},"end":{"line":46,"column":70}},{"start":{"line":47,"column":20},"end":{"line":47,"column":26}}]},"3":{"line":51,"type":"cond-expr","locations":[{"start":{"line":52,"column":14},"end":{"line":52,"column":20}},{"start":{"line":53,"column":14},"end":{"line":53,"column":20}}]},"4":{"line":55,"type":"binary-expr","locations":[{"start":{"line":55,"column":16},"end":{"line":55,"column":44}},{"start":{"line":55,"column":49},"end":{"line":57,"column":43}}]},"5":{"line":55,"type":"cond-expr","locations":[{"start":{"line":56,"column":14},"end":{"line":56,"column":57}},{"start":{"line":57,"column":14},"end":{"line":57,"column":43}}]},"6":{"line":61,"type":"switch","locations":[{"start":{"line":68,"column":4},"end":{"line":150,"column":14},"skip":true},{"start":{"line":156,"column":4},"end":{"line":324,"column":14},"skip":true}]},"7":{"line":70,"type":"if","locations":[{"start":{"line":70,"column":12},"end":{"line":70,"column":12},"skip":true},{"start":{"line":70,"column":12},"end":{"line":70,"column":12},"skip":true}]},"8":{"line":70,"type":"binary-expr","locations":[{"start":{"line":70,"column":16},"end":{"line":70,"column":22},"skip":true},{"start":{"line":70,"column":27},"end":{"line":70,"column":32},"skip":true},{"start":{"line":71,"column":20},"end":{"line":71,"column":39},"skip":true},{"start":{"line":72,"column":20},"end":{"line":72,"column":49},"skip":true},{"start":{"line":73,"column":20},"end":{"line":73,"column":58},"skip":true},{"start":{"line":74,"column":20},"end":{"line":74,"column":69},"skip":true}]},"9":{"line":79,"type":"switch","locations":[{"start":{"line":80,"column":20},"end":{"line":80,"column":33},"skip":true},{"start":{"line":81,"column":20},"end":{"line":83,"column":30},"skip":true},{"start":{"line":84,"column":20},"end":{"line":85,"column":49},"skip":true}]},"10":{"line":89,"type":"switch","locations":[{"start":{"line":90,"column":12},"end":{"line":103,"column":22},"skip":true},{"start":{"line":105,"column":12},"end":{"line":106,"column":22},"skip":true}]},"11":{"line":89,"type":"binary-expr","locations":[{"start":{"line":89,"column":20},"end":{"line":89,"column":25},"skip":true},{"start":{"line":89,"column":29},"end":{"line":89,"column":48},"skip":true},{"start":{"line":89,"column":52},"end":{"line":89,"column":74},"skip":true}]},"12":{"line":92,"type":"if","locations":[{"start":{"line":92,"column":16},"end":{"line":92,"column":16},"skip":true},{"start":{"line":92,"column":16},"end":{"line":92,"column":16},"skip":true}]},"13":{"line":108,"type":"if","locations":[{"start":{"line":108,"column":12},"end":{"line":108,"column":12},"skip":true},{"start":{"line":108,"column":12},"end":{"line":108,"column":12},"skip":true}]},"14":{"line":108,"type":"binary-expr","locations":[{"start":{"line":108,"column":16},"end":{"line":108,"column":61},"skip":true},{"start":{"line":108,"column":66},"end":{"line":108,"column":72},"skip":true},{"start":{"line":108,"column":77},"end":{"line":108,"column":82},"skip":true},{"start":{"line":109,"column":20},"end":{"line":109,"column":39},"skip":true},{"start":{"line":110,"column":20},"end":{"line":110,"column":49},"skip":true},{"start":{"line":111,"column":20},"end":{"line":111,"column":58},"skip":true},{"start":{"line":112,"column":20},"end":{"line":112,"column":68},"skip":true}]},"15":{"line":129,"type":"if","locations":[{"start":{"line":129,"column":16},"end":{"line":129,"column":16},"skip":true},{"start":{"line":129,"column":16},"end":{"line":129,"column":16},"skip":true}]},"16":{"line":134,"type":"cond-expr","locations":[{"start":{"line":135,"column":26},"end":{"line":135,"column":29},"skip":true},{"start":{"line":136,"column":26},"end":{"line":136,"column":54},"skip":true}]},"17":{"line":164,"type":"binary-expr","locations":[{"start":{"line":164,"column":27},"end":{"line":164,"column":43},"skip":true},{"start":{"line":164,"column":47},"end":{"line":164,"column":49},"skip":true}]},"18":{"line":258,"type":"if","locations":[{"start":{"line":258,"column":8},"end":{"line":258,"column":8},"skip":true},{"start":{"line":258,"column":8},"end":{"line":258,"column":8},"skip":true}]},"19":{"line":275,"type":"switch","locations":[{"start":{"line":276,"column":20},"end":{"line":277,"column":64},"skip":true},{"start":{"line":278,"column":20},"end":{"line":279,"column":40},"skip":true},{"start":{"line":280,"column":20},"end":{"line":281,"column":40},"skip":true},{"start":{"line":282,"column":20},"end":{"line":283,"column":39},"skip":true}]},"20":{"line":288,"type":"if","locations":[{"start":{"line":288,"column":8},"end":{"line":288,"column":8},"skip":true},{"start":{"line":288,"column":8},"end":{"line":288,"column":8},"skip":true}]},"21":{"line":288,"type":"binary-expr","locations":[{"start":{"line":288,"column":12},"end":{"line":288,"column":40},"skip":true},{"start":{"line":288,"column":44},"end":{"line":288,"column":67},"skip":true}]},"22":{"line":292,"type":"binary-expr","locations":[{"start":{"line":292,"column":12},"end":{"line":292,"column":50},"skip":true},{"start":{"line":293,"column":12},"end":{"line":293,"column":53},"skip":true}]},"23":{"line":297,"type":"binary-expr","locations":[{"start":{"line":297,"column":12},"end":{"line":297,"column":71},"skip":true},{"start":{"line":298,"column":12},"end":{"line":301,"column":36},"skip":true}]},"24":{"line":303,"type":"binary-expr","locations":[{"start":{"line":303,"column":43},"end":{"line":303,"column":75},"skip":true},{"start":{"line":303,"column":79},"end":{"line":303,"column":81},"skip":true}]},"25":{"line":306,"type":"if","locations":[{"start":{"line":306,"column":8},"end":{"line":306,"column":8},"skip":true},{"start":{"line":306,"column":8},"end":{"line":306,"column":8},"skip":true}]},"26":{"line":310,"type":"if","locations":[{"start":{"line":310,"column":8},"end":{"line":310,"column":8},"skip":true},{"start":{"line":310,"column":8},"end":{"line":310,"column":8},"skip":true}]},"27":{"line":313,"type":"binary-expr","locations":[{"start":{"line":313,"column":27},"end":{"line":313,"column":43},"skip":true},{"start":{"line":313,"column":47},"end":{"line":313,"column":53},"skip":true}]},"28":{"line":317,"type":"if","locations":[{"start":{"line":317,"column":12},"end":{"line":317,"column":12},"skip":true},{"start":{"line":317,"column":12},"end":{"line":317,"column":12},"skip":true}]}},"code":["/*","example.js","","quickstart example","","instruction","    1. save this script as example.js","    2. run the shell command:","        $ npm install npmtest-node-horseman && PORT=8081 node example.js","    3. play with the browser-demo on http://127.0.0.1:8081","*/","","","","/* istanbul instrument in package npmtest_node_horseman */","/*jslint","    bitwise: true,","    browser: true,","    maxerr: 8,","    maxlen: 96,","    node: true,","    nomen: true,","    regexp: true,","    stupid: true","*/","(function () {","    'use strict';","    var local;","","","","    // run shared js-env code - pre-init","    (function () {","        // init local","        local = {};","        // init modeJs","        local.modeJs = (function () {","            try {","                return typeof navigator.userAgent === 'string' &&","                    typeof document.querySelector('body') === 'object' &&","                    typeof XMLHttpRequest.prototype.open === 'function' &&","                    'browser';","            } catch (errorCaughtBrowser) {","                return module.exports &&","                    typeof process.versions.node === 'string' &&","                    typeof require('http').createServer === 'function' &&","                    'node';","            }","        }());","        // init global","        local.global = local.modeJs === 'browser'","            ? window","            : global;","        // init utility2_rollup","        local = local.global.utility2_rollup || (local.modeJs === 'browser'","            ? local.global.utility2_npmtest_node_horseman","            : global.utility2_moduleExports);","        // export local","        local.global.local = local;","    }());","    switch (local.modeJs) {","","","","    // post-init","    // run browser js-env code - post-init","    /* istanbul ignore next */","    case 'browser':","        local.testRunBrowser = function (event) {","            if (!event || (event &&","                    event.currentTarget &&","                    event.currentTarget.className &&","                    event.currentTarget.className.includes &&","                    event.currentTarget.className.includes('onreset'))) {","                // reset output","                Array.from(","                    document.querySelectorAll('body > .resettable')","                ).forEach(function (element) {","                    switch (element.tagName) {","                    case 'INPUT':","                    case 'TEXTAREA':","                        element.value = '';","                        break;","                    default:","                        element.textContent = '';","                    }","                });","            }","            switch (event && event.currentTarget && event.currentTarget.id) {","            case 'testRunButton1':","                // show tests","                if (document.querySelector('#testReportDiv1').style.display === 'none') {","                    document.querySelector('#testReportDiv1').style.display = 'block';","                    document.querySelector('#testRunButton1').textContent =","                        'hide internal test';","                    local.modeTest = true;","                    local.testRunDefault(local);","                // hide tests","                } else {","                    document.querySelector('#testReportDiv1').style.display = 'none';","                    document.querySelector('#testRunButton1').textContent = 'run internal test';","                }","                break;","            // custom-case","            default:","                break;","            }","            if (document.querySelector('#inputTextareaEval1') && (!event || (event &&","                    event.currentTarget &&","                    event.currentTarget.className &&","                    event.currentTarget.className.includes &&","                    event.currentTarget.className.includes('oneval')))) {","                // try to eval input-code","                try {","                    /*jslint evil: true*/","                    eval(document.querySelector('#inputTextareaEval1').value);","                } catch (errorCaught) {","                    console.error(errorCaught);","                }","            }","        };","        // log stderr and stdout to #outputTextareaStdout1","        ['error', 'log'].forEach(function (key) {","            console[key + '_original'] = console[key];","            console[key] = function () {","                var element;","                console[key + '_original'].apply(console, arguments);","                element = document.querySelector('#outputTextareaStdout1');","                if (!element) {","                    return;","                }","                // append text to #outputTextareaStdout1","                element.value += Array.from(arguments).map(function (arg) {","                    return typeof arg === 'string'","                        ? arg","                        : JSON.stringify(arg, null, 4);","                }).join(' ') + '\\n';","                // scroll textarea to bottom","                element.scrollTop = element.scrollHeight;","            };","        });","        // init event-handling","        ['change', 'click', 'keyup'].forEach(function (event) {","            Array.from(document.querySelectorAll('.on' + event)).forEach(function (element) {","                element.addEventListener(event, local.testRunBrowser);","            });","        });","        // run tests","        local.testRunBrowser();","        break;","","","","    // run node js-env code - post-init","    /* istanbul ignore next */","    case 'node':","        // export local","        module.exports = local;","        // require modules","        local.fs = require('fs');","        local.http = require('http');","        local.url = require('url');","        // init assets","        local.assetsDict = local.assetsDict || {};","        /* jslint-ignore-begin */","        local.assetsDict['/assets.index.template.html'] = '\\","<!doctype html>\\n\\","<html lang=\"en\">\\n\\","<head>\\n\\","<meta charset=\"UTF-8\">\\n\\","<meta name=\"viewport\" content=\"width=device-width, initial-scale=1\">\\n\\","<title>{{env.npm_package_name}} (v{{env.npm_package_version}})</title>\\n\\","<style>\\n\\","/*csslint\\n\\","    box-sizing: false,\\n\\","    universal-selector: false\\n\\","*/\\n\\","* {\\n\\","    box-sizing: border-box;\\n\\","}\\n\\","body {\\n\\","    background: #dde;\\n\\","    font-family: Arial, Helvetica, sans-serif;\\n\\","    margin: 2rem;\\n\\","}\\n\\","body > * {\\n\\","    margin-bottom: 1rem;\\n\\","}\\n\\",".utility2FooterDiv {\\n\\","    margin-top: 20px;\\n\\","    text-align: center;\\n\\","}\\n\\","</style>\\n\\","<style>\\n\\","/*csslint\\n\\","*/\\n\\","textarea {\\n\\","    font-family: monospace;\\n\\","    height: 10rem;\\n\\","    width: 100%;\\n\\","}\\n\\","textarea[readonly] {\\n\\","    background: #ddd;\\n\\","}\\n\\","</style>\\n\\","</head>\\n\\","<body>\\n\\","<!-- utility2-comment\\n\\","<div id=\"ajaxProgressDiv1\" style=\"background: #d00; height: 2px; left: 0; margin: 0; padding: 0; position: fixed; top: 0; transition: background 0.5s, width 1.5s; width: 25%;\"></div>\\n\\","utility2-comment -->\\n\\","<h1>\\n\\","<!-- utility2-comment\\n\\","    <a\\n\\","        {{#if env.npm_package_homepage}}\\n\\","        href=\"{{env.npm_package_homepage}}\"\\n\\","        {{/if env.npm_package_homepage}}\\n\\","        target=\"_blank\"\\n\\","    >\\n\\","utility2-comment -->\\n\\","        {{env.npm_package_name}} (v{{env.npm_package_version}})\\n\\","<!-- utility2-comment\\n\\","    </a>\\n\\","utility2-comment -->\\n\\","</h1>\\n\\","<h3>{{env.npm_package_description}}</h3>\\n\\","<!-- utility2-comment\\n\\","<h4><a download href=\"assets.app.js\">download standalone app</a></h4>\\n\\","<button class=\"onclick onreset\" id=\"testRunButton1\">run internal test</button><br>\\n\\","<div id=\"testReportDiv1\" style=\"display: none;\"></div>\\n\\","utility2-comment -->\\n\\","\\n\\","\\n\\","\\n\\","<label>stderr and stdout</label>\\n\\","<textarea class=\"resettable\" id=\"outputTextareaStdout1\" readonly></textarea>\\n\\","<!-- utility2-comment\\n\\","{{#if isRollup}}\\n\\","<script src=\"assets.app.js\"></script>\\n\\","{{#unless isRollup}}\\n\\","utility2-comment -->\\n\\","<script src=\"assets.utility2.rollup.js\"></script>\\n\\","<script src=\"jsonp.utility2._stateInit?callback=window.utility2._stateInit\"></script>\\n\\","<script src=\"assets.npmtest_node_horseman.rollup.js\"></script>\\n\\","<script src=\"assets.example.js\"></script>\\n\\","<script src=\"assets.test.js\"></script>\\n\\","<!-- utility2-comment\\n\\","{{/if isRollup}}\\n\\","utility2-comment -->\\n\\","<div class=\"utility2FooterDiv\">\\n\\","    [ this app was created with\\n\\","    <a href=\"https://github.com/kaizhu256/node-utility2\" target=\"_blank\">utility2</a>\\n\\","    ]\\n\\","</div>\\n\\","</body>\\n\\","</html>\\n\\","';","        /* jslint-ignore-end */","        if (local.templateRender) {","            local.assetsDict['/'] = local.templateRender(","                local.assetsDict['/assets.index.template.html'],","                {","                    env: local.objectSetDefault(local.env, {","                        npm_package_description: 'the greatest app in the world!',","                        npm_package_name: 'my-app',","                        npm_package_nameAlias: 'my_app',","                        npm_package_version: '0.0.1'","                    })","                }","            );","        } else {","            local.assetsDict['/'] = local.assetsDict['/assets.index.template.html']","                .replace((/\\{\\{env\\.(\\w+?)\\}\\}/g), function (match0, match1) {","                    // jslint-hack","                    String(match0);","                    switch (match1) {","                    case 'npm_package_description':","                        return 'the greatest app in the world!';","                    case 'npm_package_name':","                        return 'my-app';","                    case 'npm_package_nameAlias':","                        return 'my_app';","                    case 'npm_package_version':","                        return '0.0.1';","                    }","                });","        }","        // run the cli","        if (local.global.utility2_rollup || module !== require.main) {","            break;","        }","        local.assetsDict['/assets.example.js'] =","            local.assetsDict['/assets.example.js'] ||","            local.fs.readFileSync(__filename, 'utf8');","        // bug-workaround - long $npm_package_buildCustomOrg","        /* jslint-ignore-begin */","        local.assetsDict['/assets.npmtest_node_horseman.rollup.js'] =","            local.assetsDict['/assets.npmtest_node_horseman.rollup.js'] ||","            local.fs.readFileSync(","                local.npmtest_node_horseman.__dirname + '/lib.npmtest_node_horseman.js',","                'utf8'","            ).replace((/^#!/), '//');","        /* jslint-ignore-end */","        local.assetsDict['/favicon.ico'] = local.assetsDict['/favicon.ico'] || '';","        // if $npm_config_timeout_exit exists,","        // then exit this process after $npm_config_timeout_exit ms","        if (Number(process.env.npm_config_timeout_exit)) {","            setTimeout(process.exit, Number(process.env.npm_config_timeout_exit));","        }","        // start server","        if (local.global.utility2_serverHttp1) {","            break;","        }","        process.env.PORT = process.env.PORT || '8081';","        console.error('server starting on port ' + process.env.PORT);","        local.http.createServer(function (request, response) {","            request.urlParsed = local.url.parse(request.url);","            if (local.assetsDict[request.urlParsed.pathname] !== undefined) {","                response.end(local.assetsDict[request.urlParsed.pathname]);","                return;","            }","            response.statusCode = 404;","            response.end();","        }).listen(process.env.PORT);","        break;","    }","}());",""],"l":{"26":2,"28":2,"33":2,"35":2,"37":2,"38":2,"39":2,"44":1,"51":2,"55":2,"59":2,"61":2,"69":1,"70":2,"76":2,"79":2,"82":2,"83":2,"85":1,"89":2,"92":1,"93":1,"94":1,"96":1,"97":1,"100":1,"101":1,"103":1,"106":1,"108":2,"114":1,"116":1,"118":1,"123":1,"124":2,"125":2,"126":3,"127":3,"128":3,"129":3,"130":1,"133":3,"134":3,"139":3,"143":1,"144":3,"145":1,"149":1,"150":1,"158":1,"160":1,"161":1,"162":1,"164":1,"166":1,"258":1,"259":1,"271":1,"274":6,"275":6,"277":1,"279":2,"281":1,"283":2,"288":1,"289":1,"291":1,"296":1,"303":1,"306":1,"307":1,"310":1,"311":1,"313":1,"314":1,"315":1,"316":1,"317":1,"318":1,"319":1,"321":1,"322":1,"324":1}},"/home/travis/build/npmtest/node-npmtest-node-horseman/node_modules/node-horseman/lib/index.js":{"path":"/home/travis/build/npmtest/node-npmtest-node-horseman/node_modules/node-horseman/lib/index.js","s":{"1":1,"2":1,"3":1,"4":1,"5":1,"6":1,"7":1,"8":1,"9":1,"10":1,"11":1,"12":1,"13":0,"14":1,"15":1,"16":0,"17":1,"18":1,"19":1,"20":1,"21":1,"22":0,"23":0,"24":0,"25":0,"26":0,"27":0,"28":0,"29":0,"30":0,"31":0,"32":0,"33":0,"34":0,"35":0,"36":0,"37":0,"38":0,"39":0,"40":0,"41":0,"42":1,"43":0,"44":0,"45":0,"46":0,"47":0,"48":0,"49":0,"50":0,"51":0,"52":0,"53":0,"54":0,"55":0,"56":0,"57":0,"58":0,"59":0,"60":0,"61":0,"62":0,"63":0,"64":0,"65":0,"66":0,"67":0,"68":0,"69":0,"70":0,"71":0,"72":0,"73":0,"74":0,"75":0,"76":0,"77":0,"78":0,"79":0,"80":0,"81":0,"82":0,"83":0,"84":1,"85":0,"86":0,"87":0,"88":0,"89":0,"90":0,"91":0,"92":0,"93":0,"94":0,"95":0,"96":0,"97":0,"98":0,"99":0,"100":0,"101":0,"102":0,"103":0,"104":0,"105":0,"106":0,"107":0,"108":1,"109":0,"110":0,"111":0,"112":0,"113":0,"114":0,"115":0,"116":0,"117":0,"118":0,"119":0,"120":0,"121":0,"122":0,"123":0,"124":0,"125":0,"126":0,"127":0,"128":0,"129":0,"130":0,"131":0,"132":0,"133":0,"134":0,"135":0,"136":0,"137":0,"138":0,"139":0,"140":0,"141":0,"142":1,"143":0,"144":0,"145":0,"146":0,"147":0,"148":0,"149":0,"150":0,"151":0,"152":0,"153":0,"154":0,"155":0,"156":0,"157":0,"158":0,"159":0,"160":0,"161":0,"162":0,"163":0,"164":0,"165":0,"166":0,"167":0,"168":0,"169":0,"170":0,"171":0,"172":0,"173":0,"174":0,"175":0,"176":0,"177":0,"178":0,"179":0,"180":0,"181":0,"182":0,"183":0,"184":0,"185":0,"186":0,"187":0,"188":0,"189":0,"190":0,"191":0,"192":1,"193":67,"194":0,"195":0,"196":67,"197":0,"198":0,"199":0,"200":67,"201":0,"202":0,"203":0,"204":0,"205":1,"206":67,"207":1,"208":0,"209":0,"210":0,"211":0,"212":0,"213":0,"214":0,"215":0,"216":0,"217":1,"218":0,"219":0,"220":0,"221":0,"222":1,"223":1},"b":{"1":[0,0],"2":[0,0],"3":[0,0],"4":[0,0],"5":[0,0],"6":[0,0],"7":[0,0],"8":[0,0],"9":[0,0],"10":[0,0],"11":[0,0],"12":[0,0],"13":[0,0],"14":[0,0],"15":[0,0],"16":[0,0],"17":[0,0],"18":[0,0],"19":[0,0],"20":[0,0],"21":[0,0],"22":[0,0],"23":[0,0],"24":[0,0],"25":[0,0],"26":[0,0],"27":[0,0],"28":[0,0],"29":[0,0],"30":[0,0],"31":[0,0],"32":[0,0],"33":[0,0],"34":[0,0],"35":[0,0],"36":[0,0],"37":[0,0],"38":[0,0],"39":[0,0],"40":[0,67],"41":[0,0],"42":[0,0],"43":[0,0]},"f":{"1":0,"2":0,"3":0,"4":0,"5":0,"6":0,"7":0,"8":0,"9":0,"10":0,"11":0,"12":0,"13":0,"14":0,"15":0,"16":0,"17":0,"18":0,"19":0,"20":0,"21":0,"22":0,"23":0,"24":0,"25":0,"26":0,"27":0,"28":0,"29":0,"30":0,"31":0,"32":0,"33":0,"34":0,"35":0,"36":0,"37":0,"38":0,"39":0,"40":0,"41":0,"42":0,"43":0,"44":0,"45":0,"46":0,"47":0,"48":0,"49":0,"50":0,"51":0,"52":67,"53":0,"54":0,"55":0,"56":67,"57":0,"58":0,"59":0,"60":0,"61":0,"62":0},"fnMap":{"1":{"name":"(anonymous_1)","line":11,"loc":{"start":{"line":11,"column":11},"end":{"line":11,"column":22}}},"2":{"name":"prepare","line":52,"loc":{"start":{"line":52,"column":0},"end":{"line":52,"column":49}}},"3":{"name":"(anonymous_3)","line":53,"loc":{"start":{"line":53,"column":28},"end":{"line":53,"column":54}}},"4":{"name":"(anonymous_4)","line":54,"loc":{"start":{"line":54,"column":39},"end":{"line":54,"column":63}}},"5":{"name":"(anonymous_5)","line":61,"loc":{"start":{"line":61,"column":31},"end":{"line":61,"column":52}}},"6":{"name":"(anonymous_6)","line":63,"loc":{"start":{"line":63,"column":19},"end":{"line":63,"column":31}}},"7":{"name":"(anonymous_7)","line":70,"loc":{"start":{"line":70,"column":27},"end":{"line":70,"column":46}}},"8":{"name":"(anonymous_8)","line":80,"loc":{"start":{"line":80,"column":7},"end":{"line":80,"column":18}}},"9":{"name":"Horseman","line":90,"loc":{"start":{"line":90,"column":15},"end":{"line":90,"column":42}}},"10":{"name":"(anonymous_10)","line":136,"loc":{"start":{"line":136,"column":56},"end":{"line":136,"column":71}}},"11":{"name":"(anonymous_11)","line":170,"loc":{"start":{"line":170,"column":31},"end":{"line":170,"column":52}}},"12":{"name":"getPage","line":176,"loc":{"start":{"line":176,"column":28},"end":{"line":176,"column":47}}},"13":{"name":"(anonymous_13)","line":183,"loc":{"start":{"line":183,"column":40},"end":{"line":183,"column":55}}},"14":{"name":"(anonymous_14)","line":184,"loc":{"start":{"line":184,"column":37},"end":{"line":184,"column":57}}},"15":{"name":"openPage","line":193,"loc":{"start":{"line":193,"column":10},"end":{"line":193,"column":34}}},"16":{"name":"(anonymous_16)","line":194,"loc":{"start":{"line":194,"column":42},"end":{"line":194,"column":57}}},"17":{"name":"waitForLoadFinished","line":200,"loc":{"start":{"line":200,"column":7},"end":{"line":200,"column":38}}},"18":{"name":"attachPage","line":203,"loc":{"start":{"line":203,"column":7},"end":{"line":203,"column":33}}},"19":{"name":"setupPage","line":217,"loc":{"start":{"line":217,"column":1},"end":{"line":217,"column":26}}},"20":{"name":"(anonymous_20)","line":220,"loc":{"start":{"line":220,"column":23},"end":{"line":220,"column":41}}},"21":{"name":"(anonymous_21)","line":222,"loc":{"start":{"line":222,"column":9},"end":{"line":222,"column":20}}},"22":{"name":"(anonymous_22)","line":228,"loc":{"start":{"line":228,"column":28},"end":{"line":228,"column":47}}},"23":{"name":"(anonymous_23)","line":234,"loc":{"start":{"line":234,"column":19},"end":{"line":234,"column":30}}},"24":{"name":"(anonymous_24)","line":248,"loc":{"start":{"line":248,"column":23},"end":{"line":248,"column":34}}},"25":{"name":"(anonymous_25)","line":249,"loc":{"start":{"line":249,"column":39},"end":{"line":249,"column":54}}},"26":{"name":"(anonymous_26)","line":250,"loc":{"start":{"line":250,"column":20},"end":{"line":250,"column":39}}},"27":{"name":"(anonymous_27)","line":259,"loc":{"start":{"line":259,"column":18},"end":{"line":259,"column":39}}},"28":{"name":"(anonymous_28)","line":261,"loc":{"start":{"line":261,"column":18},"end":{"line":261,"column":30}}},"29":{"name":"(anonymous_29)","line":267,"loc":{"start":{"line":267,"column":27},"end":{"line":267,"column":60}}},"30":{"name":"(anonymous_30)","line":273,"loc":{"start":{"line":273,"column":38},"end":{"line":273,"column":53}}},"31":{"name":"loadFinishedSetup","line":285,"loc":{"start":{"line":285,"column":2},"end":{"line":285,"column":37}}},"32":{"name":"checkStatus","line":290,"loc":{"start":{"line":290,"column":43},"end":{"line":290,"column":66}}},"33":{"name":"injectJQuery","line":296,"loc":{"start":{"line":296,"column":9},"end":{"line":296,"column":33}}},"34":{"name":"hasJQuery","line":301,"loc":{"start":{"line":301,"column":40},"end":{"line":301,"column":65}}},"35":{"name":"hasJQuery","line":302,"loc":{"start":{"line":302,"column":26},"end":{"line":302,"column":47}}},"36":{"name":"(anonymous_36)","line":306,"loc":{"start":{"line":306,"column":10},"end":{"line":306,"column":30}}},"37":{"name":"(anonymous_37)","line":314,"loc":{"start":{"line":314,"column":41},"end":{"line":314,"column":56}}},"38":{"name":"(anonymous_38)","line":317,"loc":{"start":{"line":317,"column":10},"end":{"line":317,"column":31}}},"39":{"name":"injectBluebird","line":326,"loc":{"start":{"line":326,"column":9},"end":{"line":326,"column":35}}},"40":{"name":"hasPromise","line":332,"loc":{"start":{"line":332,"column":40},"end":{"line":332,"column":66}}},"41":{"name":"hasPromise","line":333,"loc":{"start":{"line":333,"column":26},"end":{"line":333,"column":48}}},"42":{"name":"(anonymous_42)","line":337,"loc":{"start":{"line":337,"column":10},"end":{"line":337,"column":31}}},"43":{"name":"(anonymous_43)","line":346,"loc":{"start":{"line":346,"column":41},"end":{"line":346,"column":56}}},"44":{"name":"(anonymous_44)","line":349,"loc":{"start":{"line":349,"column":10},"end":{"line":349,"column":31}}},"45":{"name":"configBluebird","line":358,"loc":{"start":{"line":358,"column":10},"end":{"line":358,"column":36}}},"46":{"name":"(anonymous_46)","line":359,"loc":{"start":{"line":359,"column":41},"end":{"line":359,"column":56}}},"47":{"name":"configBluebird","line":361,"loc":{"start":{"line":361,"column":7},"end":{"line":361,"column":50}}},"48":{"name":"initWindow","line":376,"loc":{"start":{"line":376,"column":9},"end":{"line":376,"column":31}}},"49":{"name":"(anonymous_49)","line":377,"loc":{"start":{"line":377,"column":40},"end":{"line":377,"column":55}}},"50":{"name":"initWindow","line":378,"loc":{"start":{"line":378,"column":26},"end":{"line":378,"column":48}}},"51":{"name":"finishLoad","line":383,"loc":{"start":{"line":383,"column":9},"end":{"line":383,"column":31}}},"52":{"name":"registerAction","line":403,"loc":{"start":{"line":403,"column":26},"end":{"line":403,"column":64}}},"53":{"name":"(anonymous_53)","line":411,"loc":{"start":{"line":411,"column":28},"end":{"line":411,"column":39}}},"54":{"name":"(anonymous_54)","line":418,"loc":{"start":{"line":418,"column":35},"end":{"line":418,"column":46}}},"55":{"name":"(anonymous_55)","line":420,"loc":{"start":{"line":420,"column":19},"end":{"line":420,"column":33}}},"56":{"name":"attachAction","line":430,"loc":{"start":{"line":430,"column":29},"end":{"line":430,"column":57}}},"57":{"name":"(anonymous_57)","line":437,"loc":{"start":{"line":437,"column":27},"end":{"line":437,"column":38}}},"58":{"name":"(anonymous_58)","line":440,"loc":{"start":{"line":440,"column":27},"end":{"line":440,"column":38}}},"59":{"name":"(anonymous_59)","line":443,"loc":{"start":{"line":443,"column":36},"end":{"line":443,"column":51}}},"60":{"name":"(anonymous_60)","line":452,"loc":{"start":{"line":452,"column":34},"end":{"line":452,"column":45}}},"61":{"name":"(anonymous_61)","line":455,"loc":{"start":{"line":455,"column":11},"end":{"line":455,"column":22}}},"62":{"name":"(anonymous_62)","line":457,"loc":{"start":{"line":457,"column":13},"end":{"line":457,"column":24}}}},"statementMap":{"1":{"start":{"line":3,"column":0},"end":{"line":3,"column":29}},"2":{"start":{"line":4,"column":0},"end":{"line":4,"column":35}},"3":{"start":{"line":5,"column":0},"end":{"line":5,"column":45}},"4":{"start":{"line":6,"column":0},"end":{"line":6,"column":27}},"5":{"start":{"line":7,"column":0},"end":{"line":7,"column":41}},"6":{"start":{"line":8,"column":0},"end":{"line":8,"column":50}},"7":{"start":{"line":9,"column":0},"end":{"line":9,"column":35}},"8":{"start":{"line":10,"column":0},"end":{"line":10,"column":54}},"9":{"start":{"line":11,"column":0},"end":{"line":11,"column":25}},"10":{"start":{"line":16,"column":0},"end":{"line":16,"column":14}},"11":{"start":{"line":17,"column":0},"end":{"line":28,"column":1}},"12":{"start":{"line":18,"column":1},"end":{"line":18,"column":43}},"13":{"start":{"line":19,"column":1},"end":{"line":19,"column":57}},"14":{"start":{"line":21,"column":1},"end":{"line":27,"column":2}},"15":{"start":{"line":22,"column":2},"end":{"line":22,"column":35}},"16":{"start":{"line":23,"column":2},"end":{"line":23,"column":49}},"17":{"start":{"line":25,"column":2},"end":{"line":25,"column":17}},"18":{"start":{"line":26,"column":2},"end":{"line":26,"column":38}},"19":{"start":{"line":33,"column":0},"end":{"line":43,"column":2}},"20":{"start":{"line":48,"column":0},"end":{"line":48,"column":19}},"21":{"start":{"line":52,"column":0},"end":{"line":84,"column":1}},"22":{"start":{"line":53,"column":1},"end":{"line":83,"column":17}},"23":{"start":{"line":54,"column":2},"end":{"line":78,"column":5}},"24":{"start":{"line":55,"column":3},"end":{"line":55,"column":28}},"25":{"start":{"line":56,"column":3},"end":{"line":56,"column":31}},"26":{"start":{"line":57,"column":3},"end":{"line":59,"column":4}},"27":{"start":{"line":58,"column":4},"end":{"line":58,"column":23}},"28":{"start":{"line":60,"column":3},"end":{"line":69,"column":4}},"29":{"start":{"line":61,"column":4},"end":{"line":68,"column":6}},"30":{"start":{"line":62,"column":5},"end":{"line":62,"column":19}},"31":{"start":{"line":63,"column":5},"end":{"line":66,"column":8}},"32":{"start":{"line":64,"column":6},"end":{"line":64,"column":44}},"33":{"start":{"line":65,"column":6},"end":{"line":65,"column":60}},"34":{"start":{"line":67,"column":5},"end":{"line":67,"column":55}},"35":{"start":{"line":70,"column":3},"end":{"line":77,"column":6}},"36":{"start":{"line":71,"column":4},"end":{"line":71,"column":36}},"37":{"start":{"line":71,"column":15},"end":{"line":71,"column":34}},"38":{"start":{"line":72,"column":4},"end":{"line":72,"column":64}},"39":{"start":{"line":73,"column":4},"end":{"line":73,"column":40}},"40":{"start":{"line":74,"column":4},"end":{"line":76,"column":20}},"41":{"start":{"line":81,"column":2},"end":{"line":81,"column":23}},"42":{"start":{"line":90,"column":0},"end":{"line":162,"column":2}},"43":{"start":{"line":91,"column":1},"end":{"line":91,"column":20}},"44":{"start":{"line":92,"column":1},"end":{"line":92,"column":67}},"45":{"start":{"line":92,"column":36},"end":{"line":92,"column":65}},"46":{"start":{"line":93,"column":1},"end":{"line":93,"column":57}},"47":{"start":{"line":95,"column":1},"end":{"line":95,"column":24}},"48":{"start":{"line":96,"column":1},"end":{"line":96,"column":57}},"49":{"start":{"line":98,"column":1},"end":{"line":101,"column":3}},"50":{"start":{"line":103,"column":1},"end":{"line":105,"column":2}},"51":{"start":{"line":104,"column":2},"end":{"line":104,"column":69}},"52":{"start":{"line":106,"column":1},"end":{"line":108,"column":2}},"53":{"start":{"line":107,"column":2},"end":{"line":107,"column":60}},"54":{"start":{"line":109,"column":1},"end":{"line":111,"column":2}},"55":{"start":{"line":110,"column":2},"end":{"line":110,"column":44}},"56":{"start":{"line":112,"column":1},"end":{"line":114,"column":2}},"57":{"start":{"line":113,"column":2},"end":{"line":113,"column":56}},"58":{"start":{"line":115,"column":1},"end":{"line":117,"column":2}},"59":{"start":{"line":116,"column":2},"end":{"line":116,"column":56}},"60":{"start":{"line":118,"column":1},"end":{"line":120,"column":2}},"61":{"start":{"line":119,"column":2},"end":{"line":119,"column":56}},"62":{"start":{"line":121,"column":1},"end":{"line":123,"column":2}},"63":{"start":{"line":122,"column":2},"end":{"line":122,"column":65}},"64":{"start":{"line":124,"column":1},"end":{"line":126,"column":2}},"65":{"start":{"line":125,"column":2},"end":{"line":125,"column":60}},"66":{"start":{"line":128,"column":1},"end":{"line":134,"column":2}},"67":{"start":{"line":129,"column":2},"end":{"line":129,"column":66}},"68":{"start":{"line":130,"column":2},"end":{"line":130,"column":51}},"69":{"start":{"line":131,"column":2},"end":{"line":133,"column":3}},"70":{"start":{"line":132,"column":3},"end":{"line":132,"column":53}},"71":{"start":{"line":136,"column":1},"end":{"line":141,"column":15}},"72":{"start":{"line":137,"column":2},"end":{"line":139,"column":3}},"73":{"start":{"line":138,"column":3},"end":{"line":138,"column":69}},"74":{"start":{"line":140,"column":2},"end":{"line":140,"column":57}},"75":{"start":{"line":143,"column":1},"end":{"line":145,"column":3}},"76":{"start":{"line":147,"column":1},"end":{"line":149,"column":2}},"77":{"start":{"line":148,"column":2},"end":{"line":148,"column":58}},"78":{"start":{"line":152,"column":1},"end":{"line":152,"column":23}},"79":{"start":{"line":155,"column":1},"end":{"line":155,"column":21}},"80":{"start":{"line":157,"column":1},"end":{"line":157,"column":16}},"81":{"start":{"line":158,"column":1},"end":{"line":158,"column":26}},"82":{"start":{"line":159,"column":1},"end":{"line":159,"column":25}},"83":{"start":{"line":161,"column":1},"end":{"line":161,"column":50}},"84":{"start":{"line":170,"column":0},"end":{"line":392,"column":2}},"85":{"start":{"line":171,"column":1},"end":{"line":171,"column":17}},"86":{"start":{"line":172,"column":1},"end":{"line":172,"column":28}},"87":{"start":{"line":175,"column":1},"end":{"line":175,"column":12}},"88":{"start":{"line":176,"column":1},"end":{"line":210,"column":14}},"89":{"start":{"line":177,"column":3},"end":{"line":177,"column":12}},"90":{"start":{"line":178,"column":3},"end":{"line":198,"column":4}},"91":{"start":{"line":179,"column":4},"end":{"line":179,"column":29}},"92":{"start":{"line":180,"column":4},"end":{"line":180,"column":35}},"93":{"start":{"line":181,"column":4},"end":{"line":181,"column":13}},"94":{"start":{"line":183,"column":4},"end":{"line":197,"column":8}},"95":{"start":{"line":184,"column":6},"end":{"line":191,"column":9}},"96":{"start":{"line":185,"column":7},"end":{"line":189,"column":8}},"97":{"start":{"line":186,"column":8},"end":{"line":186,"column":49}},"98":{"start":{"line":187,"column":8},"end":{"line":187,"column":38}},"99":{"start":{"line":188,"column":8},"end":{"line":188,"column":17}},"100":{"start":{"line":190,"column":7},"end":{"line":190,"column":30}},"101":{"start":{"line":194,"column":6},"end":{"line":196,"column":9}},"102":{"start":{"line":195,"column":7},"end":{"line":195,"column":35}},"103":{"start":{"line":201,"column":3},"end":{"line":201,"column":17}},"104":{"start":{"line":204,"column":3},"end":{"line":206,"column":4}},"105":{"start":{"line":205,"column":4},"end":{"line":205,"column":21}},"106":{"start":{"line":207,"column":3},"end":{"line":207,"column":41}},"107":{"start":{"line":208,"column":3},"end":{"line":208,"column":42}},"108":{"start":{"line":217,"column":1},"end":{"line":391,"column":2}},"109":{"start":{"line":218,"column":2},"end":{"line":218,"column":24}},"110":{"start":{"line":220,"column":2},"end":{"line":225,"column":4}},"111":{"start":{"line":221,"column":3},"end":{"line":224,"column":7}},"112":{"start":{"line":223,"column":5},"end":{"line":223,"column":34}},"113":{"start":{"line":226,"column":2},"end":{"line":226,"column":29}},"114":{"start":{"line":228,"column":2},"end":{"line":230,"column":4}},"115":{"start":{"line":229,"column":3},"end":{"line":229,"column":50}},"116":{"start":{"line":232,"column":2},"end":{"line":232,"column":42}},"117":{"start":{"line":234,"column":2},"end":{"line":243,"column":4}},"118":{"start":{"line":235,"column":3},"end":{"line":235,"column":40}},"119":{"start":{"line":236,"column":3},"end":{"line":236,"column":32}},"120":{"start":{"line":237,"column":3},"end":{"line":237,"column":31}},"121":{"start":{"line":238,"column":3},"end":{"line":241,"column":4}},"122":{"start":{"line":240,"column":4},"end":{"line":240,"column":38}},"123":{"start":{"line":242,"column":3},"end":{"line":242,"column":34}},"124":{"start":{"line":245,"column":2},"end":{"line":245,"column":24}},"125":{"start":{"line":248,"column":2},"end":{"line":255,"column":4}},"126":{"start":{"line":249,"column":3},"end":{"line":254,"column":6}},"127":{"start":{"line":250,"column":4},"end":{"line":253,"column":6}},"128":{"start":{"line":251,"column":5},"end":{"line":251,"column":31}},"129":{"start":{"line":252,"column":5},"end":{"line":252,"column":27}},"130":{"start":{"line":258,"column":2},"end":{"line":271,"column":3}},"131":{"start":{"line":259,"column":3},"end":{"line":266,"column":5}},"132":{"start":{"line":260,"column":4},"end":{"line":260,"column":18}},"133":{"start":{"line":261,"column":4},"end":{"line":264,"column":7}},"134":{"start":{"line":262,"column":5},"end":{"line":262,"column":43}},"135":{"start":{"line":263,"column":5},"end":{"line":263,"column":59}},"136":{"start":{"line":265,"column":4},"end":{"line":265,"column":43}},"137":{"start":{"line":267,"column":3},"end":{"line":270,"column":5}},"138":{"start":{"line":268,"column":4},"end":{"line":268,"column":60}},"139":{"start":{"line":269,"column":4},"end":{"line":269,"column":52}},"140":{"start":{"line":273,"column":2},"end":{"line":279,"column":18}},"141":{"start":{"line":274,"column":3},"end":{"line":278,"column":5}},"142":{"start":{"line":285,"column":2},"end":{"line":390,"column":3}},"143":{"start":{"line":286,"column":3},"end":{"line":286,"column":24}},"144":{"start":{"line":287,"column":3},"end":{"line":287,"column":18}},"145":{"start":{"line":288,"column":3},"end":{"line":288,"column":69}},"146":{"start":{"line":290,"column":3},"end":{"line":389,"column":30}},"147":{"start":{"line":291,"column":4},"end":{"line":294,"column":5}},"148":{"start":{"line":292,"column":5},"end":{"line":292,"column":47}},"149":{"start":{"line":293,"column":5},"end":{"line":293,"column":40}},"150":{"start":{"line":297,"column":4},"end":{"line":299,"column":5}},"151":{"start":{"line":298,"column":5},"end":{"line":298,"column":12}},"152":{"start":{"line":301,"column":4},"end":{"line":324,"column":7}},"153":{"start":{"line":302,"column":5},"end":{"line":304,"column":14}},"154":{"start":{"line":303,"column":6},"end":{"line":303,"column":52}},"155":{"start":{"line":307,"column":5},"end":{"line":310,"column":6}},"156":{"start":{"line":308,"column":6},"end":{"line":308,"column":60}},"157":{"start":{"line":309,"column":6},"end":{"line":309,"column":13}},"158":{"start":{"line":312,"column":5},"end":{"line":313,"column":39}},"159":{"start":{"line":314,"column":5},"end":{"line":323,"column":8}},"160":{"start":{"line":315,"column":6},"end":{"line":315,"column":49}},"161":{"start":{"line":318,"column":6},"end":{"line":321,"column":7}},"162":{"start":{"line":319,"column":7},"end":{"line":319,"column":54}},"163":{"start":{"line":320,"column":7},"end":{"line":320,"column":42}},"164":{"start":{"line":322,"column":6},"end":{"line":322,"column":31}},"165":{"start":{"line":327,"column":4},"end":{"line":327,"column":45}},"166":{"start":{"line":328,"column":4},"end":{"line":330,"column":5}},"167":{"start":{"line":329,"column":5},"end":{"line":329,"column":12}},"168":{"start":{"line":332,"column":4},"end":{"line":374,"column":7}},"169":{"start":{"line":333,"column":5},"end":{"line":335,"column":14}},"170":{"start":{"line":334,"column":6},"end":{"line":334,"column":53}},"171":{"start":{"line":338,"column":5},"end":{"line":342,"column":6}},"172":{"start":{"line":339,"column":6},"end":{"line":340,"column":42}},"173":{"start":{"line":341,"column":6},"end":{"line":341,"column":13}},"174":{"start":{"line":344,"column":5},"end":{"line":345,"column":58}},"175":{"start":{"line":346,"column":5},"end":{"line":355,"column":8}},"176":{"start":{"line":347,"column":6},"end":{"line":347,"column":57}},"177":{"start":{"line":350,"column":6},"end":{"line":353,"column":7}},"178":{"start":{"line":351,"column":7},"end":{"line":351,"column":56}},"179":{"start":{"line":352,"column":7},"end":{"line":352,"column":42}},"180":{"start":{"line":354,"column":6},"end":{"line":354,"column":33}},"181":{"start":{"line":359,"column":5},"end":{"line":373,"column":8}},"182":{"start":{"line":360,"column":6},"end":{"line":372,"column":12}},"183":{"start":{"line":362,"column":8},"end":{"line":365,"column":9}},"184":{"start":{"line":364,"column":9},"end":{"line":364,"column":35}},"185":{"start":{"line":366,"column":8},"end":{"line":368,"column":9}},"186":{"start":{"line":367,"column":9},"end":{"line":367,"column":48}},"187":{"start":{"line":377,"column":4},"end":{"line":381,"column":7}},"188":{"start":{"line":378,"column":5},"end":{"line":380,"column":14}},"189":{"start":{"line":379,"column":6},"end":{"line":379,"column":29}},"190":{"start":{"line":384,"column":4},"end":{"line":386,"column":5}},"191":{"start":{"line":385,"column":5},"end":{"line":385,"column":51}},"192":{"start":{"line":403,"column":0},"end":{"line":425,"column":2}},"193":{"start":{"line":404,"column":1},"end":{"line":408,"column":2}},"194":{"start":{"line":406,"column":2},"end":{"line":406,"column":16}},"195":{"start":{"line":407,"column":2},"end":{"line":407,"column":21}},"196":{"start":{"line":411,"column":1},"end":{"line":415,"column":3}},"197":{"start":{"line":412,"column":2},"end":{"line":412,"column":49}},"198":{"start":{"line":413,"column":2},"end":{"line":413,"column":39}},"199":{"start":{"line":414,"column":2},"end":{"line":414,"column":39}},"200":{"start":{"line":418,"column":1},"end":{"line":424,"column":3}},"201":{"start":{"line":419,"column":2},"end":{"line":419,"column":23}},"202":{"start":{"line":420,"column":2},"end":{"line":423,"column":5}},"203":{"start":{"line":421,"column":3},"end":{"line":421,"column":22}},"204":{"start":{"line":422,"column":3},"end":{"line":422,"column":39}},"205":{"start":{"line":430,"column":0},"end":{"line":432,"column":3}},"206":{"start":{"line":431,"column":1},"end":{"line":431,"column":46}},"207":{"start":{"line":437,"column":0},"end":{"line":451,"column":2}},"208":{"start":{"line":438,"column":1},"end":{"line":438,"column":20}},"209":{"start":{"line":439,"column":1},"end":{"line":439,"column":17}},"210":{"start":{"line":440,"column":1},"end":{"line":450,"column":4}},"211":{"start":{"line":441,"column":2},"end":{"line":441,"column":8}},"212":{"start":{"line":442,"column":2},"end":{"line":446,"column":3}},"213":{"start":{"line":443,"column":3},"end":{"line":445,"column":6}},"214":{"start":{"line":444,"column":4},"end":{"line":444,"column":35}},"215":{"start":{"line":448,"column":2},"end":{"line":448,"column":21}},"216":{"start":{"line":449,"column":2},"end":{"line":449,"column":40}},"217":{"start":{"line":452,"column":0},"end":{"line":460,"column":2}},"218":{"start":{"line":453,"column":1},"end":{"line":453,"column":17}},"219":{"start":{"line":454,"column":1},"end":{"line":459,"column":5}},"220":{"start":{"line":456,"column":3},"end":{"line":456,"column":23}},"221":{"start":{"line":458,"column":3},"end":{"line":458,"column":15}},"222":{"start":{"line":462,"column":0},"end":{"line":462,"column":26}},"223":{"start":{"line":463,"column":0},"end":{"line":463,"column":59}}},"branchMap":{"1":{"line":57,"type":"if","locations":[{"start":{"line":57,"column":3},"end":{"line":57,"column":3}},{"start":{"line":57,"column":3},"end":{"line":57,"column":3}}]},"2":{"line":60,"type":"if","locations":[{"start":{"line":60,"column":3},"end":{"line":60,"column":3}},{"start":{"line":60,"column":3},"end":{"line":60,"column":3}}]},"3":{"line":64,"type":"binary-expr","locations":[{"start":{"line":64,"column":16},"end":{"line":64,"column":26}},{"start":{"line":64,"column":30},"end":{"line":64,"column":43}}]},"4":{"line":71,"type":"if","locations":[{"start":{"line":71,"column":4},"end":{"line":71,"column":4}},{"start":{"line":71,"column":4},"end":{"line":71,"column":4}}]},"5":{"line":92,"type":"if","locations":[{"start":{"line":92,"column":1},"end":{"line":92,"column":1}},{"start":{"line":92,"column":1},"end":{"line":92,"column":1}}]},"6":{"line":93,"type":"binary-expr","locations":[{"start":{"line":93,"column":25},"end":{"line":93,"column":39}},{"start":{"line":93,"column":43},"end":{"line":93,"column":45}}]},"7":{"line":103,"type":"if","locations":[{"start":{"line":103,"column":1},"end":{"line":103,"column":1}},{"start":{"line":103,"column":1},"end":{"line":103,"column":1}}]},"8":{"line":106,"type":"if","locations":[{"start":{"line":106,"column":1},"end":{"line":106,"column":1}},{"start":{"line":106,"column":1},"end":{"line":106,"column":1}}]},"9":{"line":109,"type":"if","locations":[{"start":{"line":109,"column":1},"end":{"line":109,"column":1}},{"start":{"line":109,"column":1},"end":{"line":109,"column":1}}]},"10":{"line":112,"type":"if","locations":[{"start":{"line":112,"column":1},"end":{"line":112,"column":1}},{"start":{"line":112,"column":1},"end":{"line":112,"column":1}}]},"11":{"line":115,"type":"if","locations":[{"start":{"line":115,"column":1},"end":{"line":115,"column":1}},{"start":{"line":115,"column":1},"end":{"line":115,"column":1}}]},"12":{"line":118,"type":"if","locations":[{"start":{"line":118,"column":1},"end":{"line":118,"column":1}},{"start":{"line":118,"column":1},"end":{"line":118,"column":1}}]},"13":{"line":121,"type":"if","locations":[{"start":{"line":121,"column":1},"end":{"line":121,"column":1}},{"start":{"line":121,"column":1},"end":{"line":121,"column":1}}]},"14":{"line":124,"type":"if","locations":[{"start":{"line":124,"column":1},"end":{"line":124,"column":1}},{"start":{"line":124,"column":1},"end":{"line":124,"column":1}}]},"15":{"line":128,"type":"if","locations":[{"start":{"line":128,"column":1},"end":{"line":128,"column":1}},{"start":{"line":128,"column":1},"end":{"line":128,"column":1}}]},"16":{"line":131,"type":"if","locations":[{"start":{"line":131,"column":2},"end":{"line":131,"column":2}},{"start":{"line":131,"column":2},"end":{"line":131,"column":2}}]},"17":{"line":136,"type":"binary-expr","locations":[{"start":{"line":136,"column":13},"end":{"line":136,"column":40}},{"start":{"line":136,"column":44},"end":{"line":136,"column":46}}]},"18":{"line":137,"type":"if","locations":[{"start":{"line":137,"column":2},"end":{"line":137,"column":2}},{"start":{"line":137,"column":2},"end":{"line":137,"column":2}}]},"19":{"line":147,"type":"if","locations":[{"start":{"line":147,"column":1},"end":{"line":147,"column":1}},{"start":{"line":147,"column":1},"end":{"line":147,"column":1}}]},"20":{"line":172,"type":"binary-expr","locations":[{"start":{"line":172,"column":7},"end":{"line":172,"column":10}},{"start":{"line":172,"column":14},"end":{"line":172,"column":27}}]},"21":{"line":178,"type":"if","locations":[{"start":{"line":178,"column":3},"end":{"line":178,"column":3}},{"start":{"line":178,"column":3},"end":{"line":178,"column":3}}]},"22":{"line":185,"type":"if","locations":[{"start":{"line":185,"column":7},"end":{"line":185,"column":7}},{"start":{"line":185,"column":7},"end":{"line":185,"column":7}}]},"23":{"line":204,"type":"if","locations":[{"start":{"line":204,"column":3},"end":{"line":204,"column":3}},{"start":{"line":204,"column":3},"end":{"line":204,"column":3}}]},"24":{"line":204,"type":"binary-expr","locations":[{"start":{"line":204,"column":7},"end":{"line":204,"column":13}},{"start":{"line":204,"column":17},"end":{"line":204,"column":44}}]},"25":{"line":238,"type":"if","locations":[{"start":{"line":238,"column":3},"end":{"line":238,"column":3}},{"start":{"line":238,"column":3},"end":{"line":238,"column":3}}]},"26":{"line":258,"type":"if","locations":[{"start":{"line":258,"column":2},"end":{"line":258,"column":2}},{"start":{"line":258,"column":2},"end":{"line":258,"column":2}}]},"27":{"line":262,"type":"binary-expr","locations":[{"star
[...]
ebug('.frameNames()');","\t\t\treturn self.page.get('framesName', done);","\t\t});","\t});","};","","/**"," * Switch to the focused frame."," */","exports.switchToFocusedFrame = function() {","\tvar self = this;","\treturn this.ready.then(function() {","\t\treturn HorsemanPromise.fromCallback(function(done) {","\t\t\tdebug('.switchToFocusedFrame()');","\t\t\treturn self.page.switchToFocusedFrame(done);","\t\t});","\t});","};","","/**"," * Switch to a frame inside the current frame."," * @param {string|integer} nameOrPosition - Name or position of frame"," * to switch to"," */","exports.switchToFrame = function(nameOrPosition) {","\tvar self = this;","\treturn this.ready.then(function() {","\t\treturn HorsemanPromise.fromCallback(function(done) {","\t\t\tdebug('.switchToFrame()', nameOrPosition);","\t\t\treturn self.page.switchToFrame(nameOrPosition, done);","\t\t});","\t});","};","/**"," * Switch to a child frame."," * @deprecated Use switchToFrame instead."," * @param {string|integer} nameOrPosition - Name or position of frame"," * to switch to"," */","exports.switchToChildFrame = util.deprecate(function(nameOrPosition) {","\tvar self = this;","\treturn this.ready.then(function() {","\t\treturn HorsemanPromise.fromCallback(function(done) {","\t\t\tdebug('.switchToChildFrame()', nameOrPosition);","\t\t\treturn self.page.switchToChildFrame(nameOrPosition, done);","\t\t});","\t});","}, 'Horseman#switchToChildFrame: Use Horseman#switchToFrame instead');","","/**"," * Switch to the main frame."," */","exports.switchToMainFrame = function() {","\tvar self = this;","\treturn this.ready.then(function() {","\t\treturn HorsemanPromise.fromCallback(function(done) {","\t\t\tdebug('.switchToMainFrame()');","\t\t\treturn self.page.switchToMainFrame(done);","\t\t});","\t});","};","","/**"," * Switch to the parent frame of the current frame."," */","exports.switchToParentFrame = function() {","\tvar self = this;","\treturn this.ready.then(function() {","\t\treturn HorsemanPromise.fromCallback(function(done) {","\t\t\tdebug('.switchToParentFrame()');","\t\t\treturn self.page.switchToParentFrame(done);","\t\t});","\t});","};","","/**"," * Get the HTTP status of the last opened page."," */","exports.status = function() {","\tvar self = this;","\treturn this.ready.then(function() {","\t\tvar status = self.responses[ self.targetUrl ];","","\t\t// If the open was for 'http://www.google.com',","\t\t// the results may be stored in 'http://www.google.com/'","\t\tif (typeof status === 'undefined') {","\t\t\tstatus = self.responses[ self.targetUrl + '/'];","\t\t}","\t\treturn status;","\t});","};","","//**************************************************//","// Callbacks","//**************************************************//","/**"," * Handles page events."," * @param {String} eventType"," * @param {Function} callback"," *"," * eventType can be one of:"," *  initialized - callback()"," *  loadStarted - callback()"," *  loadFinished - callback(status)"," *  tabCreated - callback(tabNum, tab)"," *  tabClosed - callback(tabNum, tab)"," *  urlChanged - callback(targetUrl)"," *  navigationRequested - callback(url, type, willNavigate, main)"," *  resourceRequested - callback(requestData, networkRequest)"," *  resourceReceived - callback(response)"," *  pageCreated - callback(newPage)"," *  consoleMessage(msg, lineNum, sourceId)"," *  alert - callback(msg)"," *  confirm - callback(msg)"," *  prompt - callback(msg, defaultVal)"," *  filePicker - callback(oldFile)"," *  error - callback(msg, trace);"," *  timeout - callback(type)"," */","exports.on = function(eventType, callback) {","\tvar self = this;","\treturn this.ready.then(function() {","\t\tswitch (eventType) {","\t\t\t/**","\t\t\t * Horseman events","\t\t\t */","\t\t\tcase 'timeout':","\t\t\t\tself.page.onTimeout = callback;","\t\t\t\tbreak;","\t\t\tcase 'tabCreated':","\t\t\t\tself.onTabCreated = callback;","\t\t\t\tbreak;","\t\t\tcase 'tabClosed':","\t\t\t\tself.onTabClosed = callback;","\t\t\t\tbreak;","","\t\t\t/**","\t\t\t * PhantomJS events","\t\t\t */","\t\t\t// Callback horseman needs to mess with","\t\t\tcase 'resourceTimeout':","\t\t\t\tself.page.onResouceTimeout = function(request) {","\t\t\t\t\tcallback.apply(this, arguments);","\t\t\t\t\t// A resourceTimeout is a timeout","\t\t\t\t\tsetTimeout(function() {","\t\t\t\t\t\tself.page.onTimeout('resourceTimneout', request);","\t\t\t\t\t}, 0);","\t\t\t\t};","\t\t\t\tbreak;","\t\t\tcase 'urlChanged':","\t\t\t\tself.page.onUrlChanged = function(targetUrl) {","\t\t\t\t\tself.targetUrl = targetUrl;","\t\t\t\t\treturn callback.apply(this, arguments);","\t\t\t\t};","\t\t\t\tbreak;","\t\t\tcase 'resourceReceived':","\t\t\t\tself.page.onResourceReceived = function(response) {","\t\t\t\t\tself.responses[response.url] = response.status;","\t\t\t\t\treturn callback.apply(this, arguments);","\t\t\t\t};","\t\t\t\tbreak;","\t\t\tcase 'pageCreated':","\t\t\t\tself.page.onPageCreated2 = callback;","\t\t\t\tbreak;","\t\t\tcase 'loadFinished':","\t\t\t\tself.page.onLoadFinished2 = callback;","\t\t\t\tbreak;","\t\t\t// Others","\t\t\tdefault:","\t\t\t\tvar pageEvent = 'on' +","\t\t\t\t\t\teventType.charAt(0).toUpperCase() + eventType.slice(1);","\t\t\t\tself.page[pageEvent] = callback;","\t\t}","","\t\tdebug('.on() ' + eventType + ' set.');","\t});","};","/**"," * Handle page events inside PhantomJS"," * Phantom receives callback return value with .at but not with .on"," * @see on"," */","exports.at = function(eventType, callback) {","\treturn this.ready.then(function() {","\t\tvar pageEvent = 'on' +","\t\t\t\teventType.charAt(0).toUpperCase() + eventType.slice(1);","","\t\tthis.page.setFn(pageEvent, callback);","","\t\tdebug('.at() ' + eventType + ' set.');","\t});","};","","//**************************************************//","// Waiting","//**************************************************//","","/**"," * Wait for a specified period of time"," * @param {number} miliseconds - Approximate time to wait, in milliseconds."," */","exports.wait = function(milliseconds) {","\tdebug('.wait()', milliseconds);","\treturn this.ready.then(function() {","\t\treturn HorsemanPromise.delay(milliseconds);","\t});","};","","/**"," * Wait for a page load to occur"," * @throws Horseman.TimeoutError"," * @param {object} options"," * @param {number} [options.timeout=undefined] - timeout options"," * @emits Horseman#timeout"," */","exports.waitForNextPage = function(options) {","\tdebug('.waitForNextPage()');","\tvar self = this;","\tvar startCnt = self.lastActionPageCnt;","\tvar timeout;","\tif(typeof(options) !== \"undefined\" && typeof(options.timeout)  === \"number\"){","\t\ttimeout = options.timeout;","\t} else {","\t\ttimeout = self.options.timeout;","\t}","\treturn this.ready.then(function() {","\t\tvar start = Date.now();","\t\treturn new HorsemanPromise(function(resolve, reject) {","\t\t\t\tvar waiting = setInterval(function() {","\t\t\t\t\tif (self.pageCnt > startCnt) {","\t\t\t\t\t\tdebug('.waitForNextPage() completed successfully');","\t\t\t\t\t\tclearInterval(waiting);","\t\t\t\t\t\tresolve();","\t\t\t\t\t} else {","\t\t\t\t\t\tvar diff = Date.now() - start;","\t\t\t\t\t\tif (diff > timeout) {","\t\t\t\t\t\t\tclearInterval(waiting);","\t\t\t\t\t\t\tdebug('.waitForNextPage() timed out');","\t\t\t\t\t\t\tif (typeof self.page.onTimeout === 'function') {","\t\t\t\t\t\t\t\tself.page.onTimeout('waitForNextPage');","\t\t\t\t\t\t\t}","\t\t\t\t\t\t\treject(new TimeoutError(","\t\t\t\t\t\t\t\t\t'timeout duing .waitForNextPage() after ' +","\t\t\t\t\t\t\t\t\t\tdiff + ' ms'));","\t\t\t\t\t\t}","\t\t\t\t\t}","\t\t\t\t}, self.options.interval);","\t\t\t});","\t});","};","","/**"," * Wait for a selector to be present on the current page"," * @param {string} - The selector on which to wait."," * @param {object} options"," * @param {number} [options.timeout=undefined] - timeout options"," * @throws Horseman.TimeoutError"," * @emits Horseman#timeout"," */","exports.waitForSelector = function(selector, options) {","\tdebug('.waitForSelector()', selector, options);","\tvar elementPresent = function elementPresent(selector) {","\t\tvar els = window.jQuery ?","\t\t\t\tjQuery(selector) : document.querySelectorAll(selector);","\t\treturn els.length > 0;","\t};","","\tvar opts = {","\t\tfn : elementPresent,","\t\targs : [selector],","\t\tvalue : true","\t};","","\tif(typeof(options) !== \"undefined\" && typeof(options.timeout)  === \"number\"){","\t\topts.timeout = options.timeout;","\t}","","\treturn this.waitFor(opts).then(function() {","\t\tdebug('.waitForSelector() complete');","\t});","};","","/**"," * Waits for a function to evaluate to a given value in browser"," * @param {function | object} optsOrFn - If optsOrFn is a function, use the classic signature waitFor(fn, arg1, arg2, value), If arg is an object, use waitFor(options)"," * @param {array} optsOrFn.args - arguments of fn"," * @param {function} optsOrFn.fn - function to evaluate"," * @param {*} optsOrFn.value - expected value of function"," * @param {number} [optsOrFn.timeout=null] - timeout in ms"," * @param {...*} [arguments]"," * @param {*} value"," * @throws Horseman.TimeoutError"," * @emits Horseman#timeout"," */","exports.waitFor = function() {","\tvar args = Array.prototype.concat.apply([undefined], arguments);","\treturn waitForPage.apply(this, args);","};","/**"," * Waits for a function to evaluate to a given value on the given page"," * @param {Page | undefined} page"," * @param {function | object} optsOrFn - If optsOrFn is a function, use the classic signature waitForPage(page, fn, arg1, arg2, value), If arg is an object, use waitForPage(page, options)"," * @param {array} optsOrFn.args - arguments of fn"," * @param {function} optsOrFn.fn - function to evaluate"," * @param {*} optsOrFn.value - expected value of function"," * @param {number} [optsOrFn.timeout=null] - timeout in ms"," * @param {...*} [arguments]"," * @param {*} value"," * @emits Horseman#TimeoutError"," */","function waitForPage(page, optsOrFn) {","\tvar self = this;","\tvar args, value, fname, timeout = self.options.timeout, fn;","","\tif(typeof optsOrFn === \"function\"){","\t\t\tfn = optsOrFn;","\t\t\targs = Array.prototype.slice.call(arguments);","\t\t\tvalue = args.pop();","\t\t\tfname = fn.name || '<anonymous>';","\t} else if(typeof optsOrFn === \"object\"){","\t\t\tfn = optsOrFn.fn;","\t\t\targs = [page, fn].concat(optsOrFn.args || []);","\t\t\tvalue = optsOrFn.value;","\t\t\tfname = fn.name || '<anonymous>';","\t\t\tif(optsOrFn.timeout){","\t\t\t\ttimeout = optsOrFn.timeout;","\t\t\t}","\t}","","\tdebug.apply(debug, ['.waitFor()', fname].concat(args.slice(2)));","\treturn this.ready.then(function() {","\t\treturn new HorsemanPromise(function(resolve, reject) {","\t\t\tvar start = Date.now();","\t\t\tvar checkInterval = setInterval(function waitForCheck() {","\t\t\t\tvar _page = page || self.page;","\t\t\t\tvar diff = Date.now() - start;","\t\t\t\tif (diff > timeout) {","\t\t\t\t\tclearInterval(checkInterval);","\t\t\t\t\tdebug('.waitFor() timed out');","\t\t\t\t\tif (typeof _page.onTimeout === 'function') {","\t\t\t\t\t\t_page.onTimeout('waitFor');","\t\t\t\t\t}","\t\t\t\t\treject(new TimeoutError(","\t\t\t\t\t\t\t'timeout during .waitFor() after ' + diff + ' ms'));","\t\t\t\t} else {","\t\t\t\t\treturn evaluatePage.apply(self, args)","\t\t\t\t\t\t.tap(function(res) {","\t\t\t\t\t\t\tdebugv('.waitFor() iteration',","\t\t\t\t\t\t\t\t\tfname,","\t\t\t\t\t\t\t\t\tres,","\t\t\t\t\t\t\t\t\tdiff,","\t\t\t\t\t\t\t\t\tself.id","\t\t\t\t\t\t\t);","\t\t\t\t\t\t})","\t\t\t\t\t\t.then(function(res) {","\t\t\t\t\t\t\tif (res === value) {","\t\t\t\t\t\t\t\tdebug('.waitFor() completed successfully');","\t\t\t\t\t\t\t\tclearInterval(checkInterval);","\t\t\t\t\t\t\t\tresolve();","\t\t\t\t\t\t\t}","\t\t\t\t\t\t})","\t\t\t\t\t\t.catch(function(err) {","\t\t\t\t\t\t\tclearInterval(checkInterval);","\t\t\t\t\t\t\treject(err);","\t\t\t\t\t\t});","\t\t\t\t}","\t\t\t}, self.options.interval);","\t\t});","\t});","}","","//**************************************************//","// Configuration","//**************************************************//","","/**"," * Change the proxy settings."," * @param {string} ip - IP of proxy, or a URI (e.g. proto://user:pass@ip:port)"," * @param {integer} [port=80] - Port of proxy, override URI"," * @param {string} [type=http] - Type of proxy, overrides URI"," * @param {string} [user] - Proxy auth username, overrides URI"," * @param {string} [pass] - Proxy auth password, overrides URI"," */","exports.setProxy = function(ip, port, type, user, pass) {","\tvar self = this;","\treturn this.ready.then(function() {","\t\tif (ip) {","\t\t\t// Handle URI (e.g. \"protocol://user:pass@ip:port\")","\t\t\tvar parsed = url.parse(ip);","\t\t\tif (!parsed.slashes) { // No protocol was supplied","\t\t\t\tparsed = url.parse('http://' + ip);","\t\t\t}","\t\t\tip = parsed.hostname;","\t\t\tport = port || parseInt(parsed.port) || 80;","\t\t\ttype = type || parsed.protocol.replace(/:$/, '');","\t\t\tif (parsed.auth) {","\t\t\t\tvar auth = parsed.auth.split(':');","\t\t\t\tuser = user || auth[0];","\t\t\t\tpass = pass || auth[1];","\t\t\t}","\t\t\tuser = user || '';","\t\t\tpass = pass || '';","\t\t}","","\t\tdebug('setProxy', ip, port, type, user, pass);","\t\treturn HorsemanPromise.fromCallback(function(done) {","\t\t\treturn self.phantom.setProxy(ip, port, type, user, pass, done);","\t\t});","\t});","};",""],"l":{"3":1,"4":1,"5":1,"6":1,"7":1,"8":1,"9":1,"10":1,"11":1,"12":1,"23":1,"24":0,"25":0,"26":0,"27":0,"28":0,"29":0,"30":0,"31":0,"34":0,"35":0,"36":0,"37":0,"38":0,"39":0,"40":0,"55":1,"56":0,"57":0,"58":0,"60":0,"61":0,"62":0,"63":0,"65":0,"66":0,"68":0,"70":0,"71":0,"72":0,"73":0,"74":0,"77":0,"78":0,"79":0,"84":0,"93":1,"94":0,"96":0,"97":0,"98":0,"99":0,"107":1,"108":0,"109":0,"110":0,"111":0,"112":0,"120":1,"121":0,"122":0,"123":0,"124":0,"125":0,"135":1,"136":0,"137":0,"138":0,"139":0,"140":0,"141":0,"142":0,"143":0,"144":0,"155":1,"156":0,"157":0,"158":0,"159":0,"160":0,"161":0,"168":0,"169":0,"170":0,"171":0,"175":0,"185":1,"186":0,"187":0,"188":0,"189":0,"190":0,"200":1,"201":0,"203":0,"207":0,"208":0,"209":0,"210":0,"211":0,"212":0,"223":1,"224":0,"225":0,"233":1,"234":0,"235":0,"242":1,"243":0,"244":0,"245":0,"255":1,"256":0,"257":0,"258":0,"259":0,"260":0,"262":0,"265":0,"269":0,"270":0,"274":0,"277":0,"279":0,"281":0,"285":0,"287":0,"290":0,"293":0,"294":0,"295":0,"300":0,"301":0,"306":0,"308":0,"311":0,"325":1,"326":0,"327":0,"328":0,"329":0,"330":0,"339":1,"340":0,"342":0,"343":0,"344":0,"345":0,"346":0,"347":0,"348":0,"349":0,"350":0,"352":0,"353":0,"354":0,"355":0,"358":0,"365":1,"366":0,"367":0,"368":0,"369":0,"371":0,"372":0,"383":1,"384":0,"385":1,"386":0,"388":0,"389":0,"392":0,"398":0,"400":0,"401":0,"405":0,"406":0,"410":0,"414":0,"415":0,"419":0,"420":0,"424":0,"434":1,"435":0,"436":1,"437":0,"438":0,"440":0,"441":0,"444":0,"450":0,"452":0,"453":0,"457":0,"458":0,"462":0,"463":0,"467":0,"468":0,"472":0,"475":0,"476":0,"480":0,"488":1,"489":0,"490":0,"491":0,"492":0,"493":0,"495":0,"496":0,"497":0,"498":0,"499":0,"500":0,"520":1,"521":0,"522":0,"523":0,"524":0,"530":0,"532":0,"533":0,"537":0,"538":0,"545":0,"553":1,"554":0,"555":0,"557":0,"558":0,"559":0,"563":0,"564":0,"565":0,"574":1,"575":0,"576":0,"577":0,"578":0,"579":0,"589":1,"590":0,"591":0,"602":1,"603":0,"604":0,"605":0,"607":0,"608":0,"610":0,"611":0,"615":0,"626":1,"627":0,"628":0,"629":0,"630":0,"632":0,"633":0,"635":0,"636":0,"640":0,"652":1,"653":0,"659":1,"660":0,"667":0,"668":0,"669":0,"670":0,"672":0,"673":0,"674":0,"675":0,"676":0,"680":0,"681":0,"683":0,"685":0,"686":0,"688":0,"689":0,"691":0,"697":0,"706":1,"707":0,"708":0,"717":1,"718":0,"719":0,"721":0,"722":0,"727":0,"728":0,"729":0,"732":0,"733":0,"734":0,"738":0,"751":1,"752":0,"753":0,"754":0,"755":0,"757":0,"758":0,"759":0,"760":0,"761":0,"762":0,"763":0,"765":0,"767":0,"768":0,"769":0,"772":0,"773":0,"774":0,"777":0,"780":0,"781":0,"782":0,"787":0,"796":1,"797":0,"798":0,"806":1,"807":0,"808":0,"809":0,"810":0,"825":1,"826":0,"827":0,"828":0,"829":0,"831":0,"832":0,"834":0,"835":0,"839":0,"840":0,"841":0,"842":0,"844":0,"845":0,"846":0,"847":0,"848":0,"849":0,"850":0,"851":0,"852":0,"855":0,"856":0,"857":0,"858":0,"859":0,"860":0,"862":0,"863":0,"864":0,"865":0,"868":0,"870":0,"872":1,"873":0,"881":0,"882":0,"883":0,"885":0,"887":0,"888":0,"889":0,"891":0,"894":0,"896":0,"898":0,"900":0,"902":0,"903":0,"905":0,"907":0,"909":0,"913":0,"915":0,"918":0,"919":0,"921":0,"922":0,"925":0,"929":0,"930":0,"934":0,"935":0,"937":0,"939":0,"940":0,"942":0,"943":0,"945":0,"946":0,"948":0,"950":0,"951":0,"952":0,"955":0,"957":0,"958":0,"960":0,"963":0,"964":0,"974":1,"975":0,"976":0,"985":1,"986":0,"987":0,"988":0,"989":0,"990":0,"992":0,"993":0,"994":0,"995":0,"996":0,"998":0,"999":0,"1001":0,"1006":0,"1007":0,"1008":0,"1009":0,"1011":0,"1013":0,"1015":0,"1018":0,"1019":0,"1027":1,"1028":0,"1029":0,"1030":0,"1038":1,"1039":0,"1040":0,"1041":0,"1043":0,"1050":1,"1051":0,"1052":0,"1053":0,"1062":1,"1063":0,"1064":0,"1065":0,"1074":1,"1075":0,"1076":0,"1078":0,"1079":0,"1083":0,"1089":0,"1090":0,"1091":0,"1101":1,"1102":0,"1103":0,"1104":0,"1105":0,"1109":0,"1119":1,"1120":0,"1121":0,"1122":0,"1124":0,"1134":1,"1135":0,"1136":0,"1137":0,"1148":1,"1149":0,"1150":0,"1151":0,"1161":1,"1162":0,"1163":0,"1164":0,"1174":1,"1175":0,"1176":0,"1177":0,"1188":1,"1189":0,"1190":0,"1191":0,"1192":0,"1194":0,"1199":0,"1200":0,"1203":0,"1206":0,"1212":0,"1213":0,"1214":0,"1216":0,"1217":0,"1218":0,"1219":0,"1220":0,"1230":1,"1231":0,"1232":0,"1234":0,"1235":0,"1237":0,"1238":0,"1242":0,"1251":1,"1252":0,"1253":0,"1256":0,"1257":0,"1258":0,"1266":1,"1267":0,"1268":0,"1269":0,"1277":1,"1278":0,"1279":0,"1287":1,"1288":0,"1289":0,"1290":0,"1291":0,"1299":1,"1300":0,"1301":0,"1302":0,"1303":0,"1304":0,"1316":1,"1317":0,"1318":0,"1319":0,"1320":0,"1321":0,"1329":1,"1330":0,"1331":0,"1332":0,"1333":0,"1334":0,"1342":1,"1343":0,"1344":0,"1345":0,"1346":0,"1347":0,"1355":1,"1356":0,"1357":0,"1358":0,"1359":0,"1360":0,"1370":1,"1371":0,"1372":0,"1373":0,"1374":0,"1375":0,"1385":1,"1386":0,"1387":0,"1388":0,"1389":0,"1390":0,"1398":1,"1399":0,"1400":0,"1401":0,"1402":0,"1403":0,"1411":1,"1412":0,"1413":0,"1414":0,"1415":0,"1416":0,"1424":1,"1425":0,"1426":0,"1427":0,"1431":0,"1432":0,"1434":0,"1465":1,"1466":0,"1467":0,"1468":0,"1473":0,"1474":0,"1476":0,"1477":0,"1479":0,"1480":0,"1487":0,"1488":0,"1490":0,"1491":0,"1494":0,"1496":0,"1497":0,"1498":0,"1500":0,"1502":0,"1503":0,"1504":0,"1506":0,"1508":0,"1509":0,"1511":0,"1512":0,"1515":0,"1517":0,"1520":0,"1528":1,"1529":0,"1530":0,"1533":0,"1535":0,"1547":1,"1548":0,"1549":0,"1550":0,"1561":1,"1562":0,"1563":0,"1564":0,"1565":0,"1566":0,"1567":0,"1569":0,"1571":0,"1572":0,"1573":0,"1574":0,"1575":0,"1576":0,"1577":0,"1578":0,"1580":0,"1581":0,"1582":0,"1583":0,"1584":0,"1585":0,"1587":0,"1605":1,"1606":0,"1607":0,"1608":0,"1610":0,"1613":0,"1619":0,"1620":0,"1623":0,"1624":0,"1640":1,"1641":0,"1642":0,"1656":1,"1657":0,"1658":0,"1660":0,"1661":0,"1662":0,"1663":0,"1664":0,"1665":0,"1666":0,"1667":0,"1668":0,"1669":0,"1670":0,"1671":0,"1675":0,"1676":0,"1677":0,"1678":0,"1679":0,"1680":0,"1681":0,"1682":0,"1683":0,"1684":0,"1685":0,"1686":0,"1688":0,"1691":0,"1693":0,"1701":0,"1702":0,"1703":0,"1704":0,"1708":0,"1709":0,"1729":1,"1730":0,"1731":0,"1732":0,"1734":0,"1735":0,"1736":0,"1738":0,"1739":0,"1740":0,"1741":0,"1742":0,"1743":0,"1744":0,"1746":0,"1747":0,"1750":0,"1751":0,"1752":0}},"/home/travis/build/npmtest/node-npmtest-node-horseman/node_modules/node-horseman/lib/HorsemanPromise.js":{"path":"/home/travis/build/npmtest/node-npmtest-node-horseman/node_modules/node-horseman/lib/HorsemanPromise.js","s":{"1":1},"b":{},"f":{},"fnMap":{},"statementMap":{"1":{"start":{"line":4,"column":0},"end":{"line":4,"column":58}}},"branchMap":{},"code":["'use strict';","","// Extend our copy of bluebird","module.exports = require('bluebird/js/release/promise')();",""],"l":{"4":1}}}